<?xml version="1.0" encoding="UTF-8"?>
<coverage generated="1763523884520" clover="3.2.0">
  <project timestamp="1763523884520" name="All files">
    <metrics statements="25" coveredstatements="24" conditionals="13" coveredconditionals="7" methods="8" coveredmethods="6" elements="46" coveredelements="37" complexity="0" loc="25" ncloc="25" packages="3" files="3" classes="3"/>
    <package name="atoms">
      <metrics statements="6" coveredstatements="6" conditionals="0" coveredconditionals="0" methods="1" coveredmethods="0"/>
      <file name="auth.ts" path="/Volumes/Shared/Projects/nothing/src/atoms/auth.ts">
        <metrics statements="6" coveredstatements="6" conditionals="0" coveredconditionals="0" methods="1" coveredmethods="0"/>
        <line num="11" count="1" type="stmt"/>
        <line num="12" count="1" type="stmt"/>
        <line num="13" count="1" type="stmt"/>
        <line num="14" count="1" type="stmt"/>
        <line num="16" count="1" type="stmt"/>
        <line num="17" count="1" type="stmt"/>
      </file>
    </package>
    <package name="routes">
      <metrics statements="14" coveredstatements="13" conditionals="13" coveredconditionals="7" methods="5" coveredmethods="4"/>
      <file name="__root.tsx" path="/Volumes/Shared/Projects/nothing/src/routes/__root.tsx">
        <metrics statements="14" coveredstatements="13" conditionals="13" coveredconditionals="7" methods="5" coveredmethods="4"/>
        <line num="12" count="6" type="stmt"/>
        <line num="13" count="6" type="stmt"/>
        <line num="14" count="6" type="stmt"/>
        <line num="15" count="6" type="stmt"/>
        <line num="17" count="6" type="stmt"/>
        <line num="18" count="6" type="stmt"/>
        <line num="19" count="2" type="cond" truecount="2" falsecount="0"/>
        <line num="20" count="1" type="stmt"/>
        <line num="25" count="1" type="stmt"/>
        <line num="29" count="6" type="stmt"/>
        <line num="30" count="6" type="stmt"/>
        <line num="34" count="6" type="stmt"/>
        <line num="58" count="1" type="stmt"/>
        <line num="60" count="0" type="cond" truecount="1" falsecount="6"/>
      </file>
    </package>
    <package name="routes.-components">
      <metrics statements="5" coveredstatements="5" conditionals="0" coveredconditionals="0" methods="2" coveredmethods="2"/>
      <file name="BottomNav.tsx" path="/Volumes/Shared/Projects/nothing/src/routes/-components/BottomNav.tsx">
        <metrics statements="5" coveredstatements="5" conditionals="0" coveredconditionals="0" methods="2" coveredmethods="2"/>
        <line num="5" count="1" type="stmt"/>
        <line num="6" count="4" type="stmt"/>
        <line num="8" count="4" type="stmt"/>
        <line num="13" count="4" type="stmt"/>
        <line num="20" count="8" type="stmt"/>
      </file>
    </package>
  </project>
</coverage>
