{"/Volumes/Shared/Projects/nothing/src/atoms/auth.ts": {"path":"/Volumes/Shared/Projects/nothing/src/atoms/auth.ts","statementMap":{"0":{"start":{"line":11,"column":13},"end":{"line":11,"column":null}},"1":{"start":{"line":12,"column":0},"end":{"line":12,"column":null}},"2":{"start":{"line":13,"column":13},"end":{"line":13,"column":null}},"3":{"start":{"line":13,"column":44},"end":{"line":13,"column":66}},"4":{"start":{"line":14,"column":0},"end":{"line":14,"column":null}},"5":{"start":{"line":16,"column":13},"end":{"line":16,"column":null}},"6":{"start":{"line":17,"column":0},"end":{"line":17,"column":null}}},"fnMap":{"0":{"name":"(anonymous_0)","decl":{"start":{"line":13,"column":35},"end":{"line":13,"column":36}},"loc":{"start":{"line":13,"column":44},"end":{"line":13,"column":66}},"line":13}},"branchMap":{},"s":{"0":1,"1":1,"2":1,"3":0,"4":1,"5":1,"6":1},"f":{"0":0},"b":{},"meta":{"lastBranch":0,"lastFunction":1,"lastStatement":7,"seen":{"s:11:13:11:Infinity":0,"s:12:0:12:Infinity":1,"s:13:13:13:Infinity":2,"f:13:35:13:36":0,"s:13:44:13:66":3,"s:14:0:14:Infinity":4,"s:16:13:16:Infinity":5,"s:17:0:17:Infinity":6}}}
,"/Volumes/Shared/Projects/nothing/src/routes/__root.tsx": {"path":"/Volumes/Shared/Projects/nothing/src/routes/__root.tsx","statementMap":{"0":{"start":{"line":12,"column":4},"end":{"line":12,"column":null}},"1":{"start":{"line":13,"column":10},"end":{"line":13,"column":null}},"2":{"start":{"line":14,"column":10},"end":{"line":14,"column":null}},"3":{"start":{"line":15,"column":10},"end":{"line":15,"column":null}},"4":{"start":{"line":17,"column":4},"end":{"line":32,"column":null}},"5":{"start":{"line":18,"column":43},"end":{"line":27,"column":null}},"6":{"start":{"line":19,"column":12},"end":{"line":26,"column":null}},"7":{"start":{"line":20,"column":16},"end":{"line":23,"column":null}},"8":{"start":{"line":25,"column":16},"end":{"line":25,"column":null}},"9":{"start":{"line":29,"column":8},"end":{"line":31,"column":null}},"10":{"start":{"line":30,"column":12},"end":{"line":30,"column":null}},"11":{"start":{"line":34,"column":4},"end":{"line":54,"column":null}},"12":{"start":{"line":58,"column":13},"end":{"line":60,"column":2}},"13":{"start":{"line":60,"column":2},"end":{"line":60,"column":null}}},"fnMap":{"0":{"name":"RootComponent","decl":{"start":{"line":11,"column":16},"end":{"line":11,"column":32}},"loc":{"start":{"line":11,"column":32},"end":{"line":56,"column":null}},"line":11},"1":{"name":"(anonymous_1)","decl":{"start":{"line":17,"column":14},"end":{"line":17,"column":20}},"loc":{"start":{"line":17,"column":20},"end":{"line":32,"column":7}},"line":17},"2":{"name":"(anonymous_2)","decl":{"start":{"line":18,"column":75},"end":{"line":18,"column":76}},"loc":{"start":{"line":18,"column":96},"end":{"line":27,"column":9}},"line":18},"3":{"name":"(anonymous_3)","decl":{"start":{"line":29,"column":15},"end":{"line":29,"column":21}},"loc":{"start":{"line":29,"column":21},"end":{"line":31,"column":null}},"line":29},"4":{"name":"(anonymous_4)","decl":{"start":{"line":60,"column":2},"end":{"line":60,"column":null}},"loc":{"start":{"line":60,"column":2},"end":{"line":60,"column":null}},"line":60}},"branchMap":{"0":{"loc":{"start":{"line":19,"column":12},"end":{"line":26,"column":null}},"type":"if","locations":[{"start":{"line":19,"column":12},"end":{"line":26,"column":null}},{"start":{"line":24,"column":19},"end":{"line":26,"column":null}}],"line":19},"1":{"loc":{"start":{"line":50,"column":27},"end":{"line":50,"column":44}},"type":"cond-expr","locations":[{"start":{"line":50,"column":38},"end":{"line":50,"column":42}},{"start":{"line":50,"column":42},"end":{"line":50,"column":44}}],"line":50},"2":{"loc":{"start":{"line":53,"column":13},"end":{"line":53,"column":null}},"type":"binary-expr","locations":[{"start":{"line":53,"column":13},"end":{"line":53,"column":25}},{"start":{"line":53,"column":25},"end":{"line":53,"column":null}}],"line":53},"3":{"loc":{"start":{"line":60,"column":2},"end":{"line":60,"column":null}},"type":"if","locations":[{"start":{"line":60,"column":2},"end":{"line":60,"column":null}},{"start":{},"end":{}}],"line":60},"4":{"loc":{"start":{"line":60,"column":2},"end":{"line":60,"column":null}},"type":"binary-expr","locations":[{"start":{"line":60,"column":2},"end":{"line":60,"column":null}},{"start":{"line":60,"column":2},"end":{"line":60,"column":null}},{"start":{"line":60,"column":2},"end":{"line":60,"column":null}}],"line":60},"5":{"loc":{"start":{"line":60,"column":2},"end":{"line":60,"column":null}},"type":"binary-expr","locations":[{"start":{"line":60,"column":2},"end":{"line":60,"column":null}},{"start":{"line":60,"column":2},"end":{"line":60,"column":null}}],"line":60}},"s":{"0":6,"1":6,"2":6,"3":6,"4":6,"5":6,"6":2,"7":1,"8":1,"9":6,"10":6,"11":6,"12":1,"13":0},"f":{"0":6,"1":6,"2":2,"3":6,"4":0},"b":{"0":[1,1],"1":[1,5],"2":[6,1],"3":[1,0],"4":[0,0,0],"5":[0,0]},"meta":{"lastBranch":6,"lastFunction":5,"lastStatement":14,"seen":{"f:11:16:11:32":0,"s:12:4:12:Infinity":0,"s:13:10:13:Infinity":1,"s:14:10:14:Infinity":2,"s:15:10:15:Infinity":3,"s:17:4:32:Infinity":4,"f:17:14:17:20":1,"s:18:43:27:Infinity":5,"f:18:75:18:76":2,"b:19:12:26:Infinity:24:19:26:Infinity":0,"s:19:12:26:Infinity":6,"s:20:16:23:Infinity":7,"s:25:16:25:Infinity":8,"s:29:8:31:Infinity":9,"f:29:15:29:21":3,"s:30:12:30:Infinity":10,"s:34:4:54:Infinity":11,"b:50:38:50:42:50:42:50:44":1,"b:53:13:53:25:53:25:53:Infinity":2,"s:58:13:60:2":12,"b:60:2:60:Infinity:undefined:undefined:undefined:undefined":3,"s:60:2:60:Infinity":13,"f:60:2:60:Infinity":4,"b:60:2:60:Infinity:60:2:60:Infinity:60:2:60:Infinity":4,"b:60:2:60:Infinity:60:2:60:Infinity":5}}}
,"/Volumes/Shared/Projects/nothing/src/routes/-components/BottomNav.tsx": {"path":"/Volumes/Shared/Projects/nothing/src/routes/-components/BottomNav.tsx","statementMap":{"0":{"start":{"line":5,"column":25},"end":{"line":32,"column":null}},"1":{"start":{"line":6,"column":10},"end":{"line":6,"column":null}},"2":{"start":{"line":8,"column":22},"end":{"line":11,"column":null}},"3":{"start":{"line":13,"column":4},"end":{"line":30,"column":null}},"4":{"start":{"line":20,"column":20},"end":{"line":27,"column":null}}},"fnMap":{"0":{"name":"(anonymous_0)","decl":{"start":{"line":5,"column":25},"end":{"line":5,"column":31}},"loc":{"start":{"line":5,"column":31},"end":{"line":32,"column":null}},"line":5},"1":{"name":"(anonymous_1)","decl":{"start":{"line":19,"column":31},"end":{"line":19,"column":32}},"loc":{"start":{"line":20,"column":20},"end":{"line":27,"column":null}},"line":20}},"branchMap":{},"s":{"0":1,"1":4,"2":4,"3":4,"4":8},"f":{"0":4,"1":8},"b":{},"meta":{"lastBranch":0,"lastFunction":2,"lastStatement":5,"seen":{"s:5:25:32:Infinity":0,"f:5:25:5:31":0,"s:6:10:6:Infinity":1,"s:8:22:11:Infinity":2,"s:13:4:30:Infinity":3,"f:19:31:19:32":1,"s:20:20:27:Infinity":4}}}
}
