{"C:\\Users\\lewis\\Documents\\Projects\\spothop-web\\src\\__mocks__\\supabase.ts": {"path":"C:\\Users\\lewis\\Documents\\Projects\\spothop-web\\src\\__mocks__\\supabase.ts","statementMap":{"0":{"start":{"line":3,"column":24},"end":{"line":32,"column":null}},"1":{"start":{"line":5,"column":32},"end":{"line":5,"column":89}},"2":{"start":{"line":6,"column":40},"end":{"line":8,"column":10}},"3":{"start":{"line":9,"column":29},"end":{"line":9,"column":83}},"4":{"start":{"line":14,"column":23},"end":{"line":24,"column":6}},"5":{"start":{"line":26,"column":27},"end":{"line":29,"column":10}},"6":{"start":{"line":28,"column":39},"end":{"line":28,"column":75}}},"fnMap":{"0":{"name":"(anonymous_0)","decl":{"start":{"line":5,"column":26},"end":{"line":5,"column":32}},"loc":{"start":{"line":5,"column":32},"end":{"line":5,"column":89}},"line":5},"1":{"name":"(anonymous_1)","decl":{"start":{"line":6,"column":33},"end":{"line":6,"column":40}},"loc":{"start":{"line":6,"column":40},"end":{"line":8,"column":10}},"line":6},"2":{"name":"(anonymous_2)","decl":{"start":{"line":9,"column":23},"end":{"line":9,"column":29}},"loc":{"start":{"line":9,"column":29},"end":{"line":9,"column":83}},"line":9},"3":{"name":"(anonymous_3)","decl":{"start":{"line":14,"column":16},"end":{"line":14,"column":23}},"loc":{"start":{"line":14,"column":23},"end":{"line":24,"column":6}},"line":14},"4":{"name":"(anonymous_4)","decl":{"start":{"line":26,"column":20},"end":{"line":26,"column":27}},"loc":{"start":{"line":26,"column":27},"end":{"line":29,"column":10}},"line":26},"5":{"name":"(anonymous_5)","decl":{"start":{"line":28,"column":32},"end":{"line":28,"column":39}},"loc":{"start":{"line":28,"column":39},"end":{"line":28,"column":75}},"line":28}},"branchMap":{},"s":{"0":1,"1":0,"2":0,"3":0,"4":1,"5":1,"6":1},"f":{"0":0,"1":0,"2":0,"3":1,"4":1,"5":1},"b":{},"meta":{"lastBranch":0,"lastFunction":6,"lastStatement":7,"seen":{"s:3:24:32:Infinity":0,"f:5:26:5:32":0,"s:5:32:5:89":1,"f:6:33:6:40":1,"s:6:40:8:10":2,"f:9:23:9:29":2,"s:9:29:9:83":3,"f:14:16:14:23":3,"s:14:23:24:6":4,"f:26:20:26:27":4,"s:26:27:29:10":5,"f:28:32:28:39":5,"s:28:39:28:75":6}}}
,"C:\\Users\\lewis\\Documents\\Projects\\spothop-web\\src\\atoms\\auth.ts": {"path":"C:\\Users\\lewis\\Documents\\Projects\\spothop-web\\src\\atoms\\auth.ts","statementMap":{"0":{"start":{"line":11,"column":13},"end":{"line":11,"column":null}},"1":{"start":{"line":12,"column":0},"end":{"line":12,"column":null}},"2":{"start":{"line":13,"column":13},"end":{"line":13,"column":null}},"3":{"start":{"line":13,"column":44},"end":{"line":13,"column":66}},"4":{"start":{"line":14,"column":0},"end":{"line":14,"column":null}},"5":{"start":{"line":16,"column":13},"end":{"line":16,"column":null}},"6":{"start":{"line":17,"column":0},"end":{"line":17,"column":null}},"7":{"start":{"line":20,"column":13},"end":{"line":20,"column":null}},"8":{"start":{"line":21,"column":13},"end":{"line":21,"column":null}},"9":{"start":{"line":22,"column":13},"end":{"line":22,"column":null}},"10":{"start":{"line":23,"column":13},"end":{"line":23,"column":null}},"11":{"start":{"line":26,"column":13},"end":{"line":26,"column":null}},"12":{"start":{"line":27,"column":13},"end":{"line":27,"column":null}},"13":{"start":{"line":30,"column":13},"end":{"line":30,"column":null}},"14":{"start":{"line":31,"column":13},"end":{"line":31,"column":null}},"15":{"start":{"line":32,"column":13},"end":{"line":32,"column":null}},"16":{"start":{"line":35,"column":13},"end":{"line":35,"column":null}},"17":{"start":{"line":38,"column":13},"end":{"line":38,"column":null}},"18":{"start":{"line":39,"column":13},"end":{"line":39,"column":null}},"19":{"start":{"line":40,"column":13},"end":{"line":40,"column":null}},"20":{"start":{"line":41,"column":13},"end":{"line":41,"column":null}}},"fnMap":{"0":{"name":"(anonymous_0)","decl":{"start":{"line":13,"column":35},"end":{"line":13,"column":36}},"loc":{"start":{"line":13,"column":44},"end":{"line":13,"column":66}},"line":13}},"branchMap":{},"s":{"0":11,"1":11,"2":11,"3":3,"4":11,"5":11,"6":11,"7":11,"8":11,"9":11,"10":11,"11":11,"12":11,"13":11,"14":11,"15":11,"16":11,"17":11,"18":11,"19":11,"20":11},"f":{"0":3},"b":{},"meta":{"lastBranch":0,"lastFunction":1,"lastStatement":21,"seen":{"s:11:13:11:Infinity":0,"s:12:0:12:Infinity":1,"s:13:13:13:Infinity":2,"f:13:35:13:36":0,"s:13:44:13:66":3,"s:14:0:14:Infinity":4,"s:16:13:16:Infinity":5,"s:17:0:17:Infinity":6,"s:20:13:20:Infinity":7,"s:21:13:21:Infinity":8,"s:22:13:22:Infinity":9,"s:23:13:23:Infinity":10,"s:26:13:26:Infinity":11,"s:27:13:27:Infinity":12,"s:30:13:30:Infinity":13,"s:31:13:31:Infinity":14,"s:32:13:32:Infinity":15,"s:35:13:35:Infinity":16,"s:38:13:38:Infinity":17,"s:39:13:39:Infinity":18,"s:40:13:40:Infinity":19,"s:41:13:41:Infinity":20}}}
,"C:\\Users\\lewis\\Documents\\Projects\\spothop-web\\src\\atoms\\map.ts": {"path":"C:\\Users\\lewis\\Documents\\Projects\\spothop-web\\src\\atoms\\map.ts","statementMap":{"0":{"start":{"line":4,"column":13},"end":{"line":4,"column":null}},"1":{"start":{"line":5,"column":0},"end":{"line":5,"column":null}},"2":{"start":{"line":6,"column":13},"end":{"line":6,"column":null}},"3":{"start":{"line":7,"column":0},"end":{"line":7,"column":null}},"4":{"start":{"line":8,"column":13},"end":{"line":8,"column":null}},"5":{"start":{"line":9,"column":0},"end":{"line":9,"column":null}},"6":{"start":{"line":11,"column":13},"end":{"line":11,"column":null}},"7":{"start":{"line":12,"column":0},"end":{"line":12,"column":null}}},"fnMap":{},"branchMap":{},"s":{"0":2,"1":2,"2":2,"3":2,"4":2,"5":2,"6":2,"7":2},"f":{},"b":{},"meta":{"lastBranch":0,"lastFunction":0,"lastStatement":8,"seen":{"s:4:13:4:Infinity":0,"s:5:0:5:Infinity":1,"s:6:13:6:Infinity":2,"s:7:0:7:Infinity":3,"s:8:13:8:Infinity":4,"s:9:0:9:Infinity":5,"s:11:13:11:Infinity":6,"s:12:0:12:Infinity":7}}}
,"C:\\Users\\lewis\\Documents\\Projects\\spothop-web\\src\\atoms\\spots.ts": {"path":"C:\\Users\\lewis\\Documents\\Projects\\spothop-web\\src\\atoms\\spots.ts","statementMap":{"0":{"start":{"line":4,"column":13},"end":{"line":4,"column":null}},"1":{"start":{"line":5,"column":0},"end":{"line":5,"column":null}},"2":{"start":{"line":7,"column":13},"end":{"line":7,"column":null}},"3":{"start":{"line":8,"column":0},"end":{"line":8,"column":null}},"4":{"start":{"line":10,"column":13},"end":{"line":10,"column":null}},"5":{"start":{"line":11,"column":0},"end":{"line":11,"column":null}}},"fnMap":{},"branchMap":{},"s":{"0":3,"1":3,"2":3,"3":3,"4":3,"5":3},"f":{},"b":{},"meta":{"lastBranch":0,"lastFunction":0,"lastStatement":6,"seen":{"s:4:13:4:Infinity":0,"s:5:0:5:Infinity":1,"s:7:13:7:Infinity":2,"s:8:0:8:Infinity":3,"s:10:13:10:Infinity":4,"s:11:0:11:Infinity":5}}}
,"C:\\Users\\lewis\\Documents\\Projects\\spothop-web\\src\\hooks\\useChatQueries.tsx": {"path":"C:\\Users\\lewis\\Documents\\Projects\\spothop-web\\src\\hooks\\useChatQueries.tsx","statementMap":{"0":{"start":{"line":6,"column":24},"end":{"line":10,"column":null}},"1":{"start":{"line":8,"column":31},"end":{"line":8,"column":null}},"2":{"start":{"line":9,"column":40},"end":{"line":9,"column":null}},"3":{"start":{"line":16,"column":10},"end":{"line":16,"column":null}},"4":{"start":{"line":18,"column":10},"end":{"line":23,"column":null}},"5":{"start":{"line":20,"column":23},"end":{"line":20,"column":null}},"6":{"start":{"line":26,"column":4},"end":{"line":54,"column":null}},"7":{"start":{"line":27,"column":8},"end":{"line":27,"column":null}},"8":{"start":{"line":27,"column":21},"end":{"line":27,"column":null}},"9":{"start":{"line":29,"column":24},"end":{"line":49,"column":null}},"10":{"start":{"line":38,"column":22},"end":{"line":38,"column":null}},"11":{"start":{"line":47,"column":22},"end":{"line":47,"column":null}},"12":{"start":{"line":51,"column":8},"end":{"line":53,"column":null}},"13":{"start":{"line":52,"column":12},"end":{"line":52,"column":null}},"14":{"start":{"line":56,"column":4},"end":{"line":56,"column":null}},"15":{"start":{"line":63,"column":10},"end":{"line":63,"column":null}},"16":{"start":{"line":65,"column":10},"end":{"line":69,"column":null}},"17":{"start":{"line":67,"column":23},"end":{"line":67,"column":null}},"18":{"start":{"line":72,"column":4},"end":{"line":95,"column":null}},"19":{"start":{"line":73,"column":8},"end":{"line":73,"column":null}},"20":{"start":{"line":73,"column":29},"end":{"line":73,"column":null}},"21":{"start":{"line":75,"column":24},"end":{"line":90,"column":null}},"22":{"start":{"line":87,"column":20},"end":{"line":87,"column":null}},"23":{"start":{"line":92,"column":8},"end":{"line":94,"column":null}},"24":{"start":{"line":93,"column":12},"end":{"line":93,"column":null}},"25":{"start":{"line":97,"column":4},"end":{"line":97,"column":null}},"26":{"start":{"line":104,"column":4},"end":{"line":108,"column":null}},"27":{"start":{"line":106,"column":23},"end":{"line":106,"column":null}},"28":{"start":{"line":115,"column":10},"end":{"line":115,"column":null}},"29":{"start":{"line":117,"column":4},"end":{"line":123,"column":null}},"30":{"start":{"line":119,"column":12},"end":{"line":119,"column":null}},"31":{"start":{"line":121,"column":12},"end":{"line":121,"column":null}}},"fnMap":{"0":{"name":"(anonymous_0)","decl":{"start":{"line":8,"column":11},"end":{"line":8,"column":12}},"loc":{"start":{"line":8,"column":31},"end":{"line":8,"column":null}},"line":8},"1":{"name":"(anonymous_1)","decl":{"start":{"line":9,"column":12},"end":{"line":9,"column":13}},"loc":{"start":{"line":9,"column":40},"end":{"line":9,"column":null}},"line":9},"2":{"name":"useConversationsQuery","decl":{"start":{"line":15,"column":16},"end":{"line":15,"column":38}},"loc":{"start":{"line":15,"column":55},"end":{"line":57,"column":null}},"line":15},"3":{"name":"(anonymous_3)","decl":{"start":{"line":20,"column":17},"end":{"line":20,"column":23}},"loc":{"start":{"line":20,"column":23},"end":{"line":20,"column":null}},"line":20},"4":{"name":"(anonymous_4)","decl":{"start":{"line":26,"column":14},"end":{"line":26,"column":20}},"loc":{"start":{"line":26,"column":20},"end":{"line":54,"column":7}},"line":26},"5":{"name":"(anonymous_5)","decl":{"start":{"line":38,"column":16},"end":{"line":38,"column":22}},"loc":{"start":{"line":38,"column":22},"end":{"line":38,"column":null}},"line":38},"6":{"name":"(anonymous_6)","decl":{"start":{"line":47,"column":16},"end":{"line":47,"column":22}},"loc":{"start":{"line":47,"column":22},"end":{"line":47,"column":null}},"line":47},"7":{"name":"(anonymous_7)","decl":{"start":{"line":51,"column":15},"end":{"line":51,"column":21}},"loc":{"start":{"line":51,"column":21},"end":{"line":53,"column":null}},"line":51},"8":{"name":"useMessagesQuery","decl":{"start":{"line":62,"column":16},"end":{"line":62,"column":33}},"loc":{"start":{"line":62,"column":58},"end":{"line":98,"column":null}},"line":62},"9":{"name":"(anonymous_9)","decl":{"start":{"line":67,"column":17},"end":{"line":67,"column":23}},"loc":{"start":{"line":67,"column":23},"end":{"line":67,"column":null}},"line":67},"10":{"name":"(anonymous_10)","decl":{"start":{"line":72,"column":14},"end":{"line":72,"column":20}},"loc":{"start":{"line":72,"column":20},"end":{"line":95,"column":7}},"line":72},"11":{"name":"(anonymous_11)","decl":{"start":{"line":85,"column":16},"end":{"line":85,"column":22}},"loc":{"start":{"line":85,"column":22},"end":{"line":88,"column":null}},"line":85},"12":{"name":"(anonymous_12)","decl":{"start":{"line":92,"column":15},"end":{"line":92,"column":21}},"loc":{"start":{"line":92,"column":21},"end":{"line":94,"column":null}},"line":92},"13":{"name":"useConversationQuery","decl":{"start":{"line":103,"column":16},"end":{"line":103,"column":37}},"loc":{"start":{"line":103,"column":78},"end":{"line":109,"column":null}},"line":103},"14":{"name":"(anonymous_14)","decl":{"start":{"line":106,"column":17},"end":{"line":106,"column":23}},"loc":{"start":{"line":106,"column":23},"end":{"line":106,"column":null}},"line":106},"15":{"name":"useSendMessageMutation","decl":{"start":{"line":114,"column":16},"end":{"line":114,"column":39}},"loc":{"start":{"line":114,"column":63},"end":{"line":124,"column":null}},"line":114},"16":{"name":"(anonymous_16)","decl":{"start":{"line":118,"column":20},"end":{"line":118,"column":21}},"loc":{"start":{"line":119,"column":12},"end":{"line":119,"column":null}},"line":119},"17":{"name":"(anonymous_17)","decl":{"start":{"line":120,"column":19},"end":{"line":120,"column":25}},"loc":{"start":{"line":120,"column":25},"end":{"line":122,"column":null}},"line":120}},"branchMap":{"0":{"loc":{"start":{"line":19,"column":18},"end":{"line":19,"column":null}},"type":"cond-expr","locations":[{"start":{"line":19,"column":27},"end":{"line":19,"column":52}},{"start":{"line":19,"column":52},"end":{"line":19,"column":null}}],"line":19},"1":{"loc":{"start":{"line":20,"column":23},"end":{"line":20,"column":null}},"type":"cond-expr","locations":[{"start":{"line":20,"column":32},"end":{"line":20,"column":73}},{"start":{"line":20,"column":73},"end":{"line":20,"column":null}}],"line":20},"2":{"loc":{"start":{"line":27,"column":8},"end":{"line":27,"column":null}},"type":"if","locations":[{"start":{"line":27,"column":8},"end":{"line":27,"column":null}},{"start":{},"end":{}}],"line":27},"3":{"loc":{"start":{"line":66,"column":18},"end":{"line":66,"column":null}},"type":"cond-expr","locations":[{"start":{"line":66,"column":35},"end":{"line":66,"column":69}},{"start":{"line":66,"column":69},"end":{"line":66,"column":null}}],"line":66},"4":{"loc":{"start":{"line":67,"column":23},"end":{"line":67,"column":null}},"type":"cond-expr","locations":[{"start":{"line":67,"column":40},"end":{"line":67,"column":84}},{"start":{"line":67,"column":84},"end":{"line":67,"column":null}}],"line":67},"5":{"loc":{"start":{"line":73,"column":8},"end":{"line":73,"column":null}},"type":"if","locations":[{"start":{"line":73,"column":8},"end":{"line":73,"column":null}},{"start":{},"end":{}}],"line":73},"6":{"loc":{"start":{"line":106,"column":23},"end":{"line":106,"column":null}},"type":"cond-expr","locations":[{"start":{"line":106,"column":32},"end":{"line":106,"column":87}},{"start":{"line":106,"column":87},"end":{"line":106,"column":null}}],"line":106},"7":{"loc":{"start":{"line":107,"column":17},"end":{"line":107,"column":null}},"type":"binary-expr","locations":[{"start":{"line":107,"column":17},"end":{"line":107,"column":37}},{"start":{"line":107,"column":37},"end":{"line":107,"column":null}}],"line":107}},"s":{"0":0,"1":0,"2":0,"3":0,"4":0,"5":0,"6":0,"7":0,"8":0,"9":0,"10":0,"11":0,"12":0,"13":0,"14":0,"15":0,"16":0,"17":0,"18":0,"19":0,"20":0,"21":0,"22":0,"23":0,"24":0,"25":0,"26":0,"27":0,"28":0,"29":0,"30":0,"31":0},"f":{"0":0,"1":0,"2":0,"3":0,"4":0,"5":0,"6":0,"7":0,"8":0,"9":0,"10":0,"11":0,"12":0,"13":0,"14":0,"15":0,"16":0,"17":0},"b":{"0":[0,0],"1":[0,0],"2":[0,0],"3":[0,0],"4":[0,0],"5":[0,0],"6":[0,0],"7":[0,0]},"meta":{"lastBranch":8,"lastFunction":18,"lastStatement":32,"seen":{"s:6:24:10:Infinity":0,"f:8:11:8:12":0,"s:8:31:8:Infinity":1,"f:9:12:9:13":1,"s:9:40:9:Infinity":2,"f:15:16:15:38":2,"s:16:10:16:Infinity":3,"s:18:10:23:Infinity":4,"b:19:27:19:52:19:52:19:Infinity":0,"f:20:17:20:23":3,"s:20:23:20:Infinity":5,"b:20:32:20:73:20:73:20:Infinity":1,"s:26:4:54:Infinity":6,"f:26:14:26:20":4,"b:27:8:27:Infinity:undefined:undefined:undefined:undefined":2,"s:27:8:27:Infinity":7,"s:27:21:27:Infinity":8,"s:29:24:49:Infinity":9,"f:38:16:38:22":5,"s:38:22:38:Infinity":10,"f:47:16:47:22":6,"s:47:22:47:Infinity":11,"s:51:8:53:Infinity":12,"f:51:15:51:21":7,"s:52:12:52:Infinity":13,"s:56:4:56:Infinity":14,"f:62:16:62:33":8,"s:63:10:63:Infinity":15,"s:65:10:69:Infinity":16,"b:66:35:66:69:66:69:66:Infinity":3,"f:67:17:67:23":9,"s:67:23:67:Infinity":17,"b:67:40:67:84:67:84:67:Infinity":4,"s:72:4:95:Infinity":18,"f:72:14:72:20":10,"b:73:8:73:Infinity:undefined:undefined:undefined:undefined":5,"s:73:8:73:Infinity":19,"s:73:29:73:Infinity":20,"s:75:24:90:Infinity":21,"f:85:16:85:22":11,"s:87:20:87:Infinity":22,"s:92:8:94:Infinity":23,"f:92:15:92:21":12,"s:93:12:93:Infinity":24,"s:97:4:97:Infinity":25,"f:103:16:103:37":13,"s:104:4:108:Infinity":26,"f:106:17:106:23":14,"s:106:23:106:Infinity":27,"b:106:32:106:87:106:87:106:Infinity":6,"b:107:17:107:37:107:37:107:Infinity":7,"f:114:16:114:39":15,"s:115:10:115:Infinity":28,"s:117:4:123:Infinity":29,"f:118:20:118:21":16,"s:119:12:119:Infinity":30,"f:120:19:120:25":17,"s:121:12:121:Infinity":31}}}
,"C:\\Users\\lewis\\Documents\\Projects\\spothop-web\\src\\hooks\\useComments.tsx": {"path":"C:\\Users\\lewis\\Documents\\Projects\\spothop-web\\src\\hooks\\useComments.tsx","statementMap":{"0":{"start":{"line":8,"column":10},"end":{"line":8,"column":null}},"1":{"start":{"line":9,"column":32},"end":{"line":9,"column":null}},"2":{"start":{"line":10,"column":30},"end":{"line":10,"column":null}},"3":{"start":{"line":12,"column":10},"end":{"line":83,"column":null}},"4":{"start":{"line":13,"column":8},"end":{"line":13,"column":null}},"5":{"start":{"line":14,"column":8},"end":{"line":82,"column":null}},"6":{"start":{"line":16,"column":36},"end":{"line":23,"column":null}},"7":{"start":{"line":25,"column":12},"end":{"line":25,"column":null}},"8":{"start":{"line":25,"column":23},"end":{"line":25,"column":null}},"9":{"start":{"line":27,"column":12},"end":{"line":77,"column":null}},"10":{"start":{"line":29,"column":34},"end":{"line":29,"column":null}},"11":{"start":{"line":29,"column":67},"end":{"line":29,"column":76}},"12":{"start":{"line":30,"column":43},"end":{"line":33,"column":null}},"13":{"start":{"line":35,"column":35},"end":{"line":35,"column":null}},"14":{"start":{"line":35,"column":62},"end":{"line":35,"column":71}},"15":{"start":{"line":37,"column":31},"end":{"line":37,"column":null}},"16":{"start":{"line":38,"column":42},"end":{"line":52,"column":null}},"17":{"start":{"line":39,"column":34},"end":{"line":39,"column":null}},"18":{"start":{"line":39,"column":74},"end":{"line":39,"column":91}},"19":{"start":{"line":40,"column":37},"end":{"line":40,"column":null}},"20":{"start":{"line":40,"column":77},"end":{"line":40,"column":97}},"21":{"start":{"line":41,"column":41},"end":{"line":41,"column":null}},"22":{"start":{"line":41,"column":79},"end":{"line":41,"column":99}},"23":{"start":{"line":42,"column":35},"end":{"line":42,"column":null}},"24":{"start":{"line":44,"column":20},"end":{"line":51,"column":null}},"25":{"start":{"line":55,"column":35},"end":{"line":55,"column":null}},"26":{"start":{"line":56,"column":45},"end":{"line":56,"column":null}},"27":{"start":{"line":58,"column":16},"end":{"line":61,"column":null}},"28":{"start":{"line":59,"column":20},"end":{"line":59,"column":null}},"29":{"start":{"line":60,"column":20},"end":{"line":60,"column":null}},"30":{"start":{"line":63,"column":16},"end":{"line":69,"column":null}},"31":{"start":{"line":64,"column":20},"end":{"line":68,"column":null}},"32":{"start":{"line":65,"column":24},"end":{"line":65,"column":null}},"33":{"start":{"line":67,"column":24},"end":{"line":67,"column":null}},"34":{"start":{"line":72,"column":47},"end":{"line":74,"column":null}},"35":{"start":{"line":73,"column":20},"end":{"line":73,"column":null}},"36":{"start":{"line":76,"column":16},"end":{"line":76,"column":null}},"37":{"start":{"line":79,"column":12},"end":{"line":79,"column":null}},"38":{"start":{"line":81,"column":12},"end":{"line":81,"column":null}},"39":{"start":{"line":85,"column":23},"end":{"line":107,"column":null}},"40":{"start":{"line":86,"column":8},"end":{"line":86,"column":null}},"41":{"start":{"line":86,"column":28},"end":{"line":86,"column":null}},"42":{"start":{"line":88,"column":8},"end":{"line":106,"column":null}},"43":{"start":{"line":89,"column":36},"end":{"line":98,"column":null}},"44":{"start":{"line":100,"column":12},"end":{"line":100,"column":null}},"45":{"start":{"line":100,"column":23},"end":{"line":100,"column":null}},"46":{"start":{"line":102,"column":12},"end":{"line":102,"column":null}},"47":{"start":{"line":103,"column":12},"end":{"line":103,"column":null}},"48":{"start":{"line":105,"column":12},"end":{"line":105,"column":null}},"49":{"start":{"line":109,"column":26},"end":{"line":122,"column":null}},"50":{"start":{"line":110,"column":8},"end":{"line":121,"column":null}},"51":{"start":{"line":111,"column":30},"end":{"line":114,"column":null}},"52":{"start":{"line":116,"column":12},"end":{"line":116,"column":null}},"53":{"start":{"line":116,"column":23},"end":{"line":116,"column":null}},"54":{"start":{"line":117,"column":12},"end":{"line":117,"column":null}},"55":{"start":{"line":118,"column":12},"end":{"line":118,"column":null}},"56":{"start":{"line":120,"column":12},"end":{"line":120,"column":null}},"57":{"start":{"line":124,"column":26},"end":{"line":155,"column":null}},"58":{"start":{"line":125,"column":8},"end":{"line":154,"column":null}},"59":{"start":{"line":126,"column":30},"end":{"line":129,"column":null}},"60":{"start":{"line":131,"column":12},"end":{"line":134,"column":null}},"61":{"start":{"line":132,"column":16},"end":{"line":132,"column":null}},"62":{"start":{"line":133,"column":16},"end":{"line":133,"column":null}},"63":{"start":{"line":137,"column":12},"end":{"line":147,"column":null}},"64":{"start":{"line":138,"column":35},"end":{"line":145,"column":null}},"65":{"start":{"line":139,"column":20},"end":{"line":144,"column":null}},"66":{"start":{"line":140,"column":37},"end":{"line":140,"column":55}},"67":{"start":{"line":141,"column":35},"end":{"line":144,"column":26}},"68":{"start":{"line":146,"column":16},"end":{"line":146,"column":null}},"69":{"start":{"line":149,"column":12},"end":{"line":149,"column":null}},"70":{"start":{"line":150,"column":12},"end":{"line":150,"column":null}},"71":{"start":{"line":152,"column":12},"end":{"line":152,"column":null}},"72":{"start":{"line":153,"column":12},"end":{"line":153,"column":null}},"73":{"start":{"line":157,"column":27},"end":{"line":186,"column":null}},"74":{"start":{"line":158,"column":8},"end":{"line":158,"column":null}},"75":{"start":{"line":158,"column":28},"end":{"line":158,"column":null}},"76":{"start":{"line":160,"column":31},"end":{"line":160,"column":null}},"77":{"start":{"line":160,"column":53},"end":{"line":160,"column":78}},"78":{"start":{"line":160,"column":90},"end":{"line":160,"column":108}},"79":{"start":{"line":161,"column":32},"end":{"line":161,"column":null}},"80":{"start":{"line":163,"column":8},"end":{"line":185,"column":null}},"81":{"start":{"line":164,"column":12},"end":{"line":180,"column":null}},"82":{"start":{"line":166,"column":16},"end":{"line":170,"column":null}},"83":{"start":{"line":173,"column":16},"end":{"line":179,"column":null}},"84":{"start":{"line":181,"column":12},"end":{"line":181,"column":null}},"85":{"start":{"line":182,"column":12},"end":{"line":182,"column":null}},"86":{"start":{"line":184,"column":12},"end":{"line":184,"column":null}},"87":{"start":{"line":188,"column":4},"end":{"line":196,"column":null}}},"fnMap":{"0":{"name":"useComments","decl":{"start":{"line":7,"column":16},"end":{"line":7,"column":28}},"loc":{"start":{"line":7,"column":44},"end":{"line":197,"column":null}},"line":7},"1":{"name":"(anonymous_1)","decl":{"start":{"line":12,"column":38},"end":{"line":12,"column":50}},"loc":{"start":{"line":12,"column":50},"end":{"line":83,"column":7}},"line":12},"2":{"name":"(anonymous_2)","decl":{"start":{"line":29,"column":55},"end":{"line":29,"column":56}},"loc":{"start":{"line":29,"column":67},"end":{"line":29,"column":76}},"line":29},"3":{"name":"(anonymous_3)","decl":{"start":{"line":35,"column":57},"end":{"line":35,"column":62}},"loc":{"start":{"line":35,"column":62},"end":{"line":35,"column":71}},"line":35},"4":{"name":"(anonymous_4)","decl":{"start":{"line":38,"column":51},"end":{"line":38,"column":52}},"loc":{"start":{"line":38,"column":63},"end":{"line":52,"column":17}},"line":38},"5":{"name":"(anonymous_5)","decl":{"start":{"line":39,"column":62},"end":{"line":39,"column":63}},"loc":{"start":{"line":39,"column":74},"end":{"line":39,"column":91}},"line":39},"6":{"name":"(anonymous_6)","decl":{"start":{"line":40,"column":65},"end":{"line":40,"column":66}},"loc":{"start":{"line":40,"column":77},"end":{"line":40,"column":97}},"line":40},"7":{"name":"(anonymous_7)","decl":{"start":{"line":41,"column":67},"end":{"line":41,"column":68}},"loc":{"start":{"line":41,"column":79},"end":{"line":41,"column":99}},"line":41},"8":{"name":"(anonymous_8)","decl":{"start":{"line":58,"column":42},"end":{"line":58,"column":47}},"loc":{"start":{"line":58,"column":47},"end":{"line":61,"column":17}},"line":58},"9":{"name":"(anonymous_9)","decl":{"start":{"line":63,"column":42},"end":{"line":63,"column":47}},"loc":{"start":{"line":63,"column":47},"end":{"line":69,"column":17}},"line":63},"10":{"name":"(anonymous_10)","decl":{"start":{"line":72,"column":58},"end":{"line":72,"column":59}},"loc":{"start":{"line":73,"column":20},"end":{"line":73,"column":null}},"line":73},"11":{"name":"(anonymous_11)","decl":{"start":{"line":85,"column":23},"end":{"line":85,"column":30}},"loc":{"start":{"line":85,"column":82},"end":{"line":107,"column":null}},"line":85},"12":{"name":"(anonymous_12)","decl":{"start":{"line":109,"column":26},"end":{"line":109,"column":33}},"loc":{"start":{"line":109,"column":72},"end":{"line":122,"column":null}},"line":109},"13":{"name":"(anonymous_13)","decl":{"start":{"line":124,"column":26},"end":{"line":124,"column":33}},"loc":{"start":{"line":124,"column":55},"end":{"line":155,"column":null}},"line":124},"14":{"name":"(anonymous_14)","decl":{"start":{"line":137,"column":24},"end":{"line":137,"column":32}},"loc":{"start":{"line":137,"column":32},"end":{"line":147,"column":13}},"line":137},"15":{"name":"(anonymous_15)","decl":{"start":{"line":138,"column":35},"end":{"line":138,"column":36}},"loc":{"start":{"line":138,"column":75},"end":{"line":145,"column":null}},"line":138},"16":{"name":"(anonymous_16)","decl":{"start":{"line":140,"column":32},"end":{"line":140,"column":37}},"loc":{"start":{"line":140,"column":37},"end":{"line":140,"column":55}},"line":140},"17":{"name":"(anonymous_17)","decl":{"start":{"line":141,"column":29},"end":{"line":141,"column":35}},"loc":{"start":{"line":141,"column":35},"end":{"line":144,"column":26}},"line":141},"18":{"name":"(anonymous_18)","decl":{"start":{"line":157,"column":27},"end":{"line":157,"column":34}},"loc":{"start":{"line":157,"column":82},"end":{"line":186,"column":null}},"line":157},"19":{"name":"(anonymous_19)","decl":{"start":{"line":160,"column":48},"end":{"line":160,"column":53}},"loc":{"start":{"line":160,"column":53},"end":{"line":160,"column":78}},"line":160},"20":{"name":"(anonymous_20)","decl":{"start":{"line":160,"column":85},"end":{"line":160,"column":90}},"loc":{"start":{"line":160,"column":90},"end":{"line":160,"column":108}},"line":160}},"branchMap":{"0":{"loc":{"start":{"line":25,"column":12},"end":{"line":25,"column":null}},"type":"if","locations":[{"start":{"line":25,"column":12},"end":{"line":25,"column":null}},{"start":{},"end":{}}],"line":25},"1":{"loc":{"start":{"line":27,"column":12},"end":{"line":77,"column":null}},"type":"if","locations":[{"start":{"line":27,"column":12},"end":{"line":77,"column":null}},{"start":{},"end":{}}],"line":27},"2":{"loc":{"start":{"line":39,"column":34},"end":{"line":39,"column":null}},"type":"binary-expr","locations":[{"start":{"line":39,"column":34},"end":{"line":39,"column":103}},{"start":{"line":39,"column":103},"end":{"line":39,"column":null}}],"line":39},"3":{"loc":{"start":{"line":40,"column":37},"end":{"line":40,"column":null}},"type":"binary-expr","locations":[{"start":{"line":40,"column":37},"end":{"line":40,"column":109}},{"start":{"line":40,"column":109},"end":{"line":40,"column":null}}],"line":40},"4":{"loc":{"start":{"line":41,"column":41},"end":{"line":41,"column":null}},"type":"binary-expr","locations":[{"start":{"line":41,"column":41},"end":{"line":41,"column":110}},{"start":{"line":41,"column":110},"end":{"line":41,"column":null}}],"line":41},"5":{"loc":{"start":{"line":47,"column":38},"end":{"line":47,"column":null}},"type":"binary-expr","locations":[{"start":{"line":47,"column":38},"end":{"line":47,"column":58}},{"start":{"line":47,"column":58},"end":{"line":47,"column":null}}],"line":47},"6":{"loc":{"start":{"line":48,"column":39},"end":{"line":48,"column":null}},"type":"binary-expr","locations":[{"start":{"line":48,"column":39},"end":{"line":48,"column":60}},{"start":{"line":48,"column":60},"end":{"line":48,"column":null}}],"line":48},"7":{"loc":{"start":{"line":64,"column":20},"end":{"line":68,"column":null}},"type":"if","locations":[{"start":{"line":64,"column":20},"end":{"line":68,"column":null}},{"start":{"line":66,"column":27},"end":{"line":68,"column":null}}],"line":64},"8":{"loc":{"start":{"line":64,"column":24},"end":{"line":64,"column":68}},"type":"binary-expr","locations":[{"start":{"line":64,"column":24},"end":{"line":64,"column":39}},{"start":{"line":64,"column":39},"end":{"line":64,"column":68}}],"line":64},"9":{"loc":{"start":{"line":85,"column":47},"end":{"line":85,"column":82}},"type":"default-arg","locations":[{"start":{"line":85,"column":73},"end":{"line":85,"column":82}}],"line":85},"10":{"loc":{"start":{"line":86,"column":8},"end":{"line":86,"column":null}},"type":"if","locations":[{"start":{"line":86,"column":8},"end":{"line":86,"column":null}},{"start":{},"end":{}}],"line":86},"11":{"loc":{"start":{"line":100,"column":12},"end":{"line":100,"column":null}},"type":"if","locations":[{"start":{"line":100,"column":12},"end":{"line":100,"column":null}},{"start":{},"end":{}}],"line":100},"12":{"loc":{"start":{"line":116,"column":12},"end":{"line":116,"column":null}},"type":"if","locations":[{"start":{"line":116,"column":12},"end":{"line":116,"column":null}},{"start":{},"end":{}}],"line":116},"13":{"loc":{"start":{"line":131,"column":12},"end":{"line":134,"column":null}},"type":"if","locations":[{"start":{"line":131,"column":12},"end":{"line":134,"column":null}},{"start":{},"end":{}}],"line":131},"14":{"loc":{"start":{"line":143,"column":37},"end":{"line":143,"column":null}},"type":"cond-expr","locations":[{"start":{"line":143,"column":49},"end":{"line":143,"column":73}},{"start":{"line":143,"column":73},"end":{"line":143,"column":null}}],"line":143},"15":{"loc":{"start":{"line":158,"column":8},"end":{"line":158,"column":null}},"type":"if","locations":[{"start":{"line":158,"column":8},"end":{"line":158,"column":null}},{"start":{},"end":{}}],"line":158},"16":{"loc":{"start":{"line":160,"column":61},"end":{"line":160,"column":77}},"type":"binary-expr","locations":[{"start":{"line":160,"column":61},"end":{"line":160,"column":74}},{"start":{"line":160,"column":74},"end":{"line":160,"column":77}}],"line":160},"17":{"loc":{"start":{"line":164,"column":12},"end":{"line":180,"column":null}},"type":"if","locations":[{"start":{"line":164,"column":12},"end":{"line":180,"column":null}},{"start":{"line":171,"column":19},"end":{"line":180,"column":null}}],"line":164}},"s":{"0":6,"1":6,"2":6,"3":6,"4":3,"5":3,"6":3,"7":2,"8":0,"9":2,"10":2,"11":2,"12":2,"13":1,"14":2,"15":2,"16":2,"17":2,"18":0,"19":2,"20":0,"21":2,"22":0,"23":2,"24":2,"25":2,"26":2,"27":2,"28":2,"29":2,"30":2,"31":2,"32":1,"33":1,"34":2,"35":0,"36":2,"37":2,"38":3,"39":6,"40":1,"41":0,"42":1,"43":1,"44":1,"45":0,"46":1,"47":1,"48":0,"49":6,"50":0,"51":0,"52":0,"53":0,"54":0,"55":0,"56":0,"57":6,"58":1,"59":1,"60":1,"61":0,"62":0,"63":1,"64":1,"65":1,"66":0,"67":0,"68":1,"69":1,"70":1,"71":0,"72":0,"73":6,"74":0,"75":0,"76":0,"77":0,"78":0,"79":0,"80":0,"81":0,"82":0,"83":0,"84":0,"85":0,"86":0,"87":6},"f":{"0":6,"1":3,"2":2,"3":2,"4":2,"5":0,"6":0,"7":0,"8":2,"9":2,"10":0,"11":1,"12":0,"13":1,"14":1,"15":1,"16":0,"17":0,"18":0,"19":0,"20":0},"b":{"0":[0,2],"1":[2,0],"2":[2,2],"3":[2,2],"4":[2,2],"5":[2,0],"6":[2,2],"7":[1,1],"8":[2,1],"9":[1],"10":[0,1],"11":[0,1],"12":[0,0],"13":[0,1],"14":[0,0],"15":[0,0],"16":[0,0],"17":[0,0]},"meta":{"lastBranch":18,"lastFunction":21,"lastStatement":88,"seen":{"f:7:16:7:28":0,"s:8:10:8:Infinity":0,"s:9:32:9:Infinity":1,"s:10:30:10:Infinity":2,"s:12:10:83:Infinity":3,"f:12:38:12:50":1,"s:13:8:13:Infinity":4,"s:14:8:82:Infinity":5,"s:16:36:23:Infinity":6,"b:25:12:25:Infinity:undefined:undefined:undefined:undefined":0,"s:25:12:25:Infinity":7,"s:25:23:25:Infinity":8,"b:27:12:77:Infinity:undefined:undefined:undefined:undefined":1,"s:27:12:77:Infinity":9,"s:29:34:29:Infinity":10,"f:29:55:29:56":2,"s:29:67:29:76":11,"s:30:43:33:Infinity":12,"s:35:35:35:Infinity":13,"f:35:57:35:62":3,"s:35:62:35:71":14,"s:37:31:37:Infinity":15,"s:38:42:52:Infinity":16,"f:38:51:38:52":4,"s:39:34:39:Infinity":17,"b:39:34:39:103:39:103:39:Infinity":2,"f:39:62:39:63":5,"s:39:74:39:91":18,"s:40:37:40:Infinity":19,"b:40:37:40:109:40:109:40:Infinity":3,"f:40:65:40:66":6,"s:40:77:40:97":20,"s:41:41:41:Infinity":21,"b:41:41:41:110:41:110:41:Infinity":4,"f:41:67:41:68":7,"s:41:79:41:99":22,"s:42:35:42:Infinity":23,"s:44:20:51:Infinity":24,"b:47:38:47:58:47:58:47:Infinity":5,"b:48:39:48:60:48:60:48:Infinity":6,"s:55:35:55:Infinity":25,"s:56:45:56:Infinity":26,"s:58:16:61:Infinity":27,"f:58:42:58:47":8,"s:59:20:59:Infinity":28,"s:60:20:60:Infinity":29,"s:63:16:69:Infinity":30,"f:63:42:63:47":9,"b:64:20:68:Infinity:66:27:68:Infinity":7,"s:64:20:68:Infinity":31,"b:64:24:64:39:64:39:64:68":8,"s:65:24:65:Infinity":32,"s:67:24:67:Infinity":33,"s:72:47:74:Infinity":34,"f:72:58:72:59":10,"s:73:20:73:Infinity":35,"s:76:16:76:Infinity":36,"s:79:12:79:Infinity":37,"s:81:12:81:Infinity":38,"s:85:23:107:Infinity":39,"f:85:23:85:30":11,"b:85:73:85:82":9,"b:86:8:86:Infinity:undefined:undefined:undefined:undefined":10,"s:86:8:86:Infinity":40,"s:86:28:86:Infinity":41,"s:88:8:106:Infinity":42,"s:89:36:98:Infinity":43,"b:100:12:100:Infinity:undefined:undefined:undefined:undefined":11,"s:100:12:100:Infinity":44,"s:100:23:100:Infinity":45,"s:102:12:102:Infinity":46,"s:103:12:103:Infinity":47,"s:105:12:105:Infinity":48,"s:109:26:122:Infinity":49,"f:109:26:109:33":12,"s:110:8:121:Infinity":50,"s:111:30:114:Infinity":51,"b:116:12:116:Infinity:undefined:undefined:undefined:undefined":12,"s:116:12:116:Infinity":52,"s:116:23:116:Infinity":53,"s:117:12:117:Infinity":54,"s:118:12:118:Infinity":55,"s:120:12:120:Infinity":56,"s:124:26:155:Infinity":57,"f:124:26:124:33":13,"s:125:8:154:Infinity":58,"s:126:30:129:Infinity":59,"b:131:12:134:Infinity:undefined:undefined:undefined:undefined":13,"s:131:12:134:Infinity":60,"s:132:16:132:Infinity":61,"s:133:16:133:Infinity":62,"s:137:12:147:Infinity":63,"f:137:24:137:32":14,"s:138:35:145:Infinity":64,"f:138:35:138:36":15,"s:139:20:144:Infinity":65,"f:140:32:140:37":16,"s:140:37:140:55":66,"f:141:29:141:35":17,"s:141:35:144:26":67,"b:143:49:143:73:143:73:143:Infinity":14,"s:146:16:146:Infinity":68,"s:149:12:149:Infinity":69,"s:150:12:150:Infinity":70,"s:152:12:152:Infinity":71,"s:153:12:153:Infinity":72,"s:157:27:186:Infinity":73,"f:157:27:157:34":18,"b:158:8:158:Infinity:undefined:undefined:undefined:undefined":15,"s:158:8:158:Infinity":74,"s:158:28:158:Infinity":75,"s:160:31:160:Infinity":76,"f:160:48:160:53":19,"s:160:53:160:78":77,"b:160:61:160:74:160:74:160:77":16,"f:160:85:160:90":20,"s:160:90:160:108":78,"s:161:32:161:Infinity":79,"s:163:8:185:Infinity":80,"b:164:12:180:Infinity:171:19:180:Infinity":17,"s:164:12:180:Infinity":81,"s:166:16:170:Infinity":82,"s:173:16:179:Infinity":83,"s:181:12:181:Infinity":84,"s:182:12:182:Infinity":85,"s:184:12:184:Infinity":86,"s:188:4:196:Infinity":87}}}
,"C:\\Users\\lewis\\Documents\\Projects\\spothop-web\\src\\hooks\\useDevTools.tsx": {"path":"C:\\Users\\lewis\\Documents\\Projects\\spothop-web\\src\\hooks\\useDevTools.tsx","statementMap":{"0":{"start":{"line":6,"column":4},"end":{"line":6,"column":null}}},"fnMap":{"0":{"name":"useDevtools","decl":{"start":{"line":5,"column":16},"end":{"line":5,"column":30}},"loc":{"start":{"line":5,"column":30},"end":{"line":9,"column":null}},"line":5}},"branchMap":{},"s":{"0":1},"f":{"0":1},"b":{},"meta":{"lastBranch":0,"lastFunction":1,"lastStatement":1,"seen":{"f:5:16:5:30":0,"s:6:4:6:Infinity":0}}}
,"C:\\Users\\lewis\\Documents\\Projects\\spothop-web\\src\\hooks\\useFlagging.tsx": {"path":"C:\\Users\\lewis\\Documents\\Projects\\spothop-web\\src\\hooks\\useFlagging.tsx","statementMap":{"0":{"start":{"line":8,"column":10},"end":{"line":8,"column":null}},"1":{"start":{"line":9,"column":30},"end":{"line":9,"column":null}},"2":{"start":{"line":10,"column":26},"end":{"line":10,"column":null}},"3":{"start":{"line":12,"column":10},"end":{"line":52,"column":null}},"4":{"start":{"line":13,"column":8},"end":{"line":16,"column":null}},"5":{"start":{"line":14,"column":12},"end":{"line":14,"column":null}},"6":{"start":{"line":15,"column":12},"end":{"line":15,"column":null}},"7":{"start":{"line":18,"column":8},"end":{"line":21,"column":null}},"8":{"start":{"line":19,"column":12},"end":{"line":19,"column":null}},"9":{"start":{"line":20,"column":12},"end":{"line":20,"column":null}},"10":{"start":{"line":23,"column":8},"end":{"line":23,"column":null}},"11":{"start":{"line":24,"column":8},"end":{"line":24,"column":null}},"12":{"start":{"line":26,"column":8},"end":{"line":51,"column":null}},"13":{"start":{"line":27,"column":43},"end":{"line":34,"column":null}},"14":{"start":{"line":36,"column":12},"end":{"line":43,"column":null}},"15":{"start":{"line":37,"column":16},"end":{"line":41,"column":null}},"16":{"start":{"line":38,"column":20},"end":{"line":38,"column":null}},"17":{"start":{"line":40,"column":20},"end":{"line":40,"column":null}},"18":{"start":{"line":42,"column":16},"end":{"line":42,"column":null}},"19":{"start":{"line":45,"column":12},"end":{"line":45,"column":null}},"20":{"start":{"line":47,"column":12},"end":{"line":47,"column":null}},"21":{"start":{"line":48,"column":12},"end":{"line":48,"column":null}},"22":{"start":{"line":50,"column":12},"end":{"line":50,"column":null}},"23":{"start":{"line":54,"column":4},"end":{"line":59,"column":null}}},"fnMap":{"0":{"name":"useFlagging","decl":{"start":{"line":7,"column":16},"end":{"line":7,"column":30}},"loc":{"start":{"line":7,"column":30},"end":{"line":60,"column":null}},"line":7},"1":{"name":"(anonymous_1)","decl":{"start":{"line":12,"column":33},"end":{"line":12,"column":40}},"loc":{"start":{"line":12,"column":101},"end":{"line":52,"column":7}},"line":12}},"branchMap":{"0":{"loc":{"start":{"line":13,"column":8},"end":{"line":16,"column":null}},"type":"if","locations":[{"start":{"line":13,"column":8},"end":{"line":16,"column":null}},{"start":{},"end":{}}],"line":13},"1":{"loc":{"start":{"line":18,"column":8},"end":{"line":21,"column":null}},"type":"if","locations":[{"start":{"line":18,"column":8},"end":{"line":21,"column":null}},{"start":{},"end":{}}],"line":18},"2":{"loc":{"start":{"line":18,"column":12},"end":{"line":18,"column":71}},"type":"binary-expr","locations":[{"start":{"line":18,"column":12},"end":{"line":18,"column":35}},{"start":{"line":18,"column":35},"end":{"line":18,"column":47}},{"start":{"line":18,"column":47},"end":{"line":18,"column":71}}],"line":18},"3":{"loc":{"start":{"line":33,"column":29},"end":{"line":33,"column":null}},"type":"binary-expr","locations":[{"start":{"line":33,"column":29},"end":{"line":33,"column":48}},{"start":{"line":33,"column":48},"end":{"line":33,"column":null}}],"line":33},"4":{"loc":{"start":{"line":36,"column":12},"end":{"line":43,"column":null}},"type":"if","locations":[{"start":{"line":36,"column":12},"end":{"line":43,"column":null}},{"start":{},"end":{}}],"line":36},"5":{"loc":{"start":{"line":37,"column":16},"end":{"line":41,"column":null}},"type":"if","locations":[{"start":{"line":37,"column":16},"end":{"line":41,"column":null}},{"start":{"line":39,"column":23},"end":{"line":41,"column":null}}],"line":37},"6":{"loc":{"start":{"line":47,"column":21},"end":{"line":47,"column":67}},"type":"binary-expr","locations":[{"start":{"line":47,"column":21},"end":{"line":47,"column":36}},{"start":{"line":47,"column":36},"end":{"line":47,"column":67}}],"line":47}},"s":{"0":10,"1":10,"2":10,"3":10,"4":5,"5":1,"6":1,"7":4,"8":1,"9":1,"10":3,"11":3,"12":3,"13":3,"14":3,"15":2,"16":1,"17":1,"18":2,"19":1,"20":0,"21":0,"22":3,"23":10},"f":{"0":10,"1":5},"b":{"0":[1,4],"1":[1,3],"2":[4,1,0],"3":[3,2],"4":[2,1],"5":[1,1],"6":[0,0]},"meta":{"lastBranch":7,"lastFunction":2,"lastStatement":24,"seen":{"f:7:16:7:30":0,"s:8:10:8:Infinity":0,"s:9:30:9:Infinity":1,"s:10:26:10:Infinity":2,"s:12:10:52:Infinity":3,"f:12:33:12:40":1,"b:13:8:16:Infinity:undefined:undefined:undefined:undefined":0,"s:13:8:16:Infinity":4,"s:14:12:14:Infinity":5,"s:15:12:15:Infinity":6,"b:18:8:21:Infinity:undefined:undefined:undefined:undefined":1,"s:18:8:21:Infinity":7,"b:18:12:18:35:18:35:18:47:18:47:18:71":2,"s:19:12:19:Infinity":8,"s:20:12:20:Infinity":9,"s:23:8:23:Infinity":10,"s:24:8:24:Infinity":11,"s:26:8:51:Infinity":12,"s:27:43:34:Infinity":13,"b:33:29:33:48:33:48:33:Infinity":3,"b:36:12:43:Infinity:undefined:undefined:undefined:undefined":4,"s:36:12:43:Infinity":14,"b:37:16:41:Infinity:39:23:41:Infinity":5,"s:37:16:41:Infinity":15,"s:38:20:38:Infinity":16,"s:40:20:40:Infinity":17,"s:42:16:42:Infinity":18,"s:45:12:45:Infinity":19,"s:47:12:47:Infinity":20,"b:47:21:47:36:47:36:47:67":6,"s:48:12:48:Infinity":21,"s:50:12:50:Infinity":22,"s:54:4:59:Infinity":23}}}
,"C:\\Users\\lewis\\Documents\\Projects\\spothop-web\\src\\hooks\\useMediaLikes.tsx": {"path":"C:\\Users\\lewis\\Documents\\Projects\\spothop-web\\src\\hooks\\useMediaLikes.tsx","statementMap":{"0":{"start":{"line":7,"column":10},"end":{"line":7,"column":null}},"1":{"start":{"line":8,"column":30},"end":{"line":8,"column":null}},"2":{"start":{"line":10,"column":10},"end":{"line":50,"column":null}},"3":{"start":{"line":11,"column":8},"end":{"line":11,"column":null}},"4":{"start":{"line":11,"column":28},"end":{"line":11,"column":null}},"5":{"start":{"line":13,"column":8},"end":{"line":13,"column":null}},"6":{"start":{"line":13,"column":28},"end":{"line":13,"column":57}},"7":{"start":{"line":15,"column":8},"end":{"line":49,"column":null}},"8":{"start":{"line":16,"column":12},"end":{"line":41,"column":null}},"9":{"start":{"line":17,"column":30},"end":{"line":20,"column":null}},"10":{"start":{"line":22,"column":16},"end":{"line":26,"column":null}},"11":{"start":{"line":23,"column":20},"end":{"line":23,"column":null}},"12":{"start":{"line":25,"column":20},"end":{"line":25,"column":null}},"13":{"start":{"line":28,"column":34},"end":{"line":28,"column":null}},"14":{"start":{"line":29,"column":16},"end":{"line":29,"column":null}},"15":{"start":{"line":29,"column":27},"end":{"line":29,"column":null}},"16":{"start":{"line":31,"column":34},"end":{"line":38,"column":null}},"17":{"start":{"line":40,"column":16},"end":{"line":40,"column":null}},"18":{"start":{"line":40,"column":27},"end":{"line":40,"column":null}},"19":{"start":{"line":43,"column":12},"end":{"line":43,"column":null}},"20":{"start":{"line":45,"column":12},"end":{"line":45,"column":null}},"21":{"start":{"line":46,"column":12},"end":{"line":46,"column":null}},"22":{"start":{"line":48,"column":12},"end":{"line":48,"column":null}},"23":{"start":{"line":48,"column":32},"end":{"line":48,"column":62}},"24":{"start":{"line":52,"column":4},"end":{"line":55,"column":null}}},"fnMap":{"0":{"name":"useMediaLikes","decl":{"start":{"line":6,"column":16},"end":{"line":6,"column":32}},"loc":{"start":{"line":6,"column":32},"end":{"line":56,"column":null}},"line":6},"1":{"name":"(anonymous_1)","decl":{"start":{"line":10,"column":35},"end":{"line":10,"column":42}},"loc":{"start":{"line":10,"column":117},"end":{"line":50,"column":7}},"line":10},"2":{"name":"(anonymous_2)","decl":{"start":{"line":13,"column":19},"end":{"line":13,"column":28}},"loc":{"start":{"line":13,"column":28},"end":{"line":13,"column":57}},"line":13},"3":{"name":"(anonymous_3)","decl":{"start":{"line":48,"column":23},"end":{"line":48,"column":32}},"loc":{"start":{"line":48,"column":32},"end":{"line":48,"column":62}},"line":48}},"branchMap":{"0":{"loc":{"start":{"line":11,"column":8},"end":{"line":11,"column":null}},"type":"if","locations":[{"start":{"line":11,"column":8},"end":{"line":11,"column":null}},{"start":{},"end":{}}],"line":11},"1":{"loc":{"start":{"line":16,"column":12},"end":{"line":41,"column":null}},"type":"if","locations":[{"start":{"line":16,"column":12},"end":{"line":41,"column":null}},{"start":{"line":30,"column":19},"end":{"line":41,"column":null}}],"line":16},"2":{"loc":{"start":{"line":22,"column":16},"end":{"line":26,"column":null}},"type":"if","locations":[{"start":{"line":22,"column":16},"end":{"line":26,"column":null}},{"start":{"line":24,"column":23},"end":{"line":26,"column":null}}],"line":22},"3":{"loc":{"start":{"line":29,"column":16},"end":{"line":29,"column":null}},"type":"if","locations":[{"start":{"line":29,"column":16},"end":{"line":29,"column":null}},{"start":{},"end":{}}],"line":29},"4":{"loc":{"start":{"line":35,"column":34},"end":{"line":35,"column":null}},"type":"cond-expr","locations":[{"start":{"line":35,"column":58},"end":{"line":35,"column":68}},{"start":{"line":35,"column":68},"end":{"line":35,"column":null}}],"line":35},"5":{"loc":{"start":{"line":36,"column":34},"end":{"line":36,"column":null}},"type":"cond-expr","locations":[{"start":{"line":36,"column":58},"end":{"line":36,"column":68}},{"start":{"line":36,"column":68},"end":{"line":36,"column":null}}],"line":36},"6":{"loc":{"start":{"line":40,"column":16},"end":{"line":40,"column":null}},"type":"if","locations":[{"start":{"line":40,"column":16},"end":{"line":40,"column":null}},{"start":{},"end":{}}],"line":40}},"s":{"0":7,"1":7,"2":7,"3":4,"4":1,"5":3,"6":3,"7":3,"8":3,"9":1,"10":1,"11":0,"12":1,"13":1,"14":1,"15":0,"16":2,"17":2,"18":1,"19":2,"20":1,"21":1,"22":3,"23":3,"24":7},"f":{"0":7,"1":4,"2":3,"3":3},"b":{"0":[1,3],"1":[1,2],"2":[0,1],"3":[0,1],"4":[2,0],"5":[0,2],"6":[1,1]},"meta":{"lastBranch":7,"lastFunction":4,"lastStatement":25,"seen":{"f:6:16:6:32":0,"s:7:10:7:Infinity":0,"s:8:30:8:Infinity":1,"s:10:10:50:Infinity":2,"f:10:35:10:42":1,"b:11:8:11:Infinity:undefined:undefined:undefined:undefined":0,"s:11:8:11:Infinity":3,"s:11:28:11:Infinity":4,"s:13:8:13:Infinity":5,"f:13:19:13:28":2,"s:13:28:13:57":6,"s:15:8:49:Infinity":7,"b:16:12:41:Infinity:30:19:41:Infinity":1,"s:16:12:41:Infinity":8,"s:17:30:20:Infinity":9,"b:22:16:26:Infinity:24:23:26:Infinity":2,"s:22:16:26:Infinity":10,"s:23:20:23:Infinity":11,"s:25:20:25:Infinity":12,"s:28:34:28:Infinity":13,"b:29:16:29:Infinity:undefined:undefined:undefined:undefined":3,"s:29:16:29:Infinity":14,"s:29:27:29:Infinity":15,"s:31:34:38:Infinity":16,"b:35:58:35:68:35:68:35:Infinity":4,"b:36:58:36:68:36:68:36:Infinity":5,"b:40:16:40:Infinity:undefined:undefined:undefined:undefined":6,"s:40:16:40:Infinity":17,"s:40:27:40:Infinity":18,"s:43:12:43:Infinity":19,"s:45:12:45:Infinity":20,"s:46:12:46:Infinity":21,"s:48:12:48:Infinity":22,"f:48:23:48:32":3,"s:48:32:48:62":23,"s:52:4:55:Infinity":24}}}
,"C:\\Users\\lewis\\Documents\\Projects\\spothop-web\\src\\hooks\\useMediaUpload.ts": {"path":"C:\\Users\\lewis\\Documents\\Projects\\spothop-web\\src\\hooks\\useMediaUpload.ts","statementMap":{"0":{"start":{"line":10,"column":30},"end":{"line":105,"column":null}},"1":{"start":{"line":11,"column":24},"end":{"line":102,"column":null}},"2":{"start":{"line":16,"column":8},"end":{"line":16,"column":null}},"3":{"start":{"line":16,"column":29},"end":{"line":16,"column":null}},"4":{"start":{"line":19,"column":8},"end":{"line":54,"column":null}},"5":{"start":{"line":20,"column":12},"end":{"line":20,"column":null}},"6":{"start":{"line":22,"column":12},"end":{"line":53,"column":null}},"7":{"start":{"line":22,"column":25},"end":{"line":22,"column":28}},"8":{"start":{"line":23,"column":30},"end":{"line":23,"column":null}},"9":{"start":{"line":24,"column":69},"end":{"line":24,"column":null}},"10":{"start":{"line":25,"column":22},"end":{"line":25,"column":null}},"11":{"start":{"line":27,"column":37},"end":{"line":27,"column":null}},"12":{"start":{"line":28,"column":43},"end":{"line":28,"column":null}},"13":{"start":{"line":29,"column":43},"end":{"line":29,"column":null}},"14":{"start":{"line":32,"column":16},"end":{"line":36,"column":null}},"15":{"start":{"line":39,"column":61},"end":{"line":39,"column":null}},"16":{"start":{"line":40,"column":67},"end":{"line":40,"column":null}},"17":{"start":{"line":41,"column":67},"end":{"line":41,"column":null}},"18":{"start":{"line":44,"column":46},"end":{"line":50,"column":null}},"19":{"start":{"line":52,"column":16},"end":{"line":52,"column":null}},"20":{"start":{"line":52,"column":32},"end":{"line":52,"column":null}},"21":{"start":{"line":57,"column":8},"end":{"line":101,"column":null}},"22":{"start":{"line":58,"column":12},"end":{"line":58,"column":null}},"23":{"start":{"line":60,"column":12},"end":{"line":100,"column":null}},"24":{"start":{"line":60,"column":25},"end":{"line":60,"column":28}},"25":{"start":{"line":61,"column":35},"end":{"line":61,"column":null}},"26":{"start":{"line":62,"column":34},"end":{"line":62,"column":null}},"27":{"start":{"line":63,"column":32},"end":{"line":63,"column":null}},"28":{"start":{"line":64,"column":38},"end":{"line":64,"column":null}},"29":{"start":{"line":65,"column":34},"end":{"line":65,"column":null}},"30":{"start":{"line":68,"column":47},"end":{"line":72,"column":null}},"31":{"start":{"line":73,"column":16},"end":{"line":73,"column":null}},"32":{"start":{"line":73,"column":33},"end":{"line":73,"column":null}},"33":{"start":{"line":76,"column":58},"end":{"line":76,"column":null}},"34":{"start":{"line":79,"column":35},"end":{"line":79,"column":null}},"35":{"start":{"line":80,"column":16},"end":{"line":89,"column":null}},"36":{"start":{"line":81,"column":42},"end":{"line":81,"column":null}},"37":{"start":{"line":82,"column":38},"end":{"line":82,"column":null}},"38":{"start":{"line":83,"column":56},"end":{"line":83,"column":null}},"39":{"start":{"line":85,"column":20},"end":{"line":88,"column":null}},"40":{"start":{"line":86,"column":52},"end":{"line":86,"column":null}},"41":{"start":{"line":87,"column":24},"end":{"line":87,"column":null}},"42":{"start":{"line":91,"column":46},"end":{"line":97,"column":null}},"43":{"start":{"line":99,"column":16},"end":{"line":99,"column":null}},"44":{"start":{"line":99,"column":32},"end":{"line":99,"column":null}},"45":{"start":{"line":104,"column":4},"end":{"line":104,"column":null}}},"fnMap":{"0":{"name":"(anonymous_0)","decl":{"start":{"line":10,"column":30},"end":{"line":10,"column":31}},"loc":{"start":{"line":10,"column":83},"end":{"line":105,"column":null}},"line":10},"1":{"name":"(anonymous_1)","decl":{"start":{"line":11,"column":24},"end":{"line":11,"column":null}},"loc":{"start":{"line":15,"column":9},"end":{"line":102,"column":null}},"line":15}},"branchMap":{"0":{"loc":{"start":{"line":16,"column":8},"end":{"line":16,"column":null}},"type":"if","locations":[{"start":{"line":16,"column":8},"end":{"line":16,"column":null}},{"start":{},"end":{}}],"line":16},"1":{"loc":{"start":{"line":19,"column":8},"end":{"line":54,"column":null}},"type":"if","locations":[{"start":{"line":19,"column":8},"end":{"line":54,"column":null}},{"start":{},"end":{}}],"line":19},"2":{"loc":{"start":{"line":52,"column":16},"end":{"line":52,"column":null}},"type":"if","locations":[{"start":{"line":52,"column":16},"end":{"line":52,"column":null}},{"start":{},"end":{}}],"line":52},"3":{"loc":{"start":{"line":57,"column":8},"end":{"line":101,"column":null}},"type":"if","locations":[{"start":{"line":57,"column":8},"end":{"line":101,"column":null}},{"start":{},"end":{}}],"line":57},"4":{"loc":{"start":{"line":69,"column":33},"end":{"line":69,"column":null}},"type":"binary-expr","locations":[{"start":{"line":69,"column":33},"end":{"line":69,"column":51}},{"start":{"line":69,"column":51},"end":{"line":69,"column":null}}],"line":69},"5":{"loc":{"start":{"line":73,"column":16},"end":{"line":73,"column":null}},"type":"if","locations":[{"start":{"line":73,"column":16},"end":{"line":73,"column":null}},{"start":{},"end":{}}],"line":73},"6":{"loc":{"start":{"line":80,"column":16},"end":{"line":89,"column":null}},"type":"if","locations":[{"start":{"line":80,"column":16},"end":{"line":89,"column":null}},{"start":{},"end":{}}],"line":80},"7":{"loc":{"start":{"line":85,"column":20},"end":{"line":88,"column":null}},"type":"if","locations":[{"start":{"line":85,"column":20},"end":{"line":88,"column":null}},{"start":{},"end":{}}],"line":85},"8":{"loc":{"start":{"line":99,"column":16},"end":{"line":99,"column":null}},"type":"if","locations":[{"start":{"line":99,"column":16},"end":{"line":99,"column":null}},{"start":{},"end":{}}],"line":99}},"s":{"0":1,"1":3,"2":3,"3":1,"4":2,"5":1,"6":1,"7":1,"8":1,"9":1,"10":1,"11":1,"12":1,"13":1,"14":1,"15":1,"16":1,"17":1,"18":1,"19":1,"20":0,"21":2,"22":1,"23":1,"24":1,"25":1,"26":1,"27":1,"28":1,"29":1,"30":1,"31":1,"32":0,"33":1,"34":1,"35":1,"36":1,"37":1,"38":1,"39":1,"40":1,"41":1,"42":1,"43":1,"44":0,"45":3},"f":{"0":3,"1":3},"b":{"0":[1,2],"1":[1,1],"2":[0,1],"3":[1,1],"4":[1,0],"5":[0,1],"6":[1,0],"7":[1,0],"8":[0,1]},"meta":{"lastBranch":9,"lastFunction":2,"lastStatement":46,"seen":{"s:10:30:105:Infinity":0,"f:10:30:10:31":0,"s:11:24:102:Infinity":1,"f:11:24:11:Infinity":1,"b:16:8:16:Infinity:undefined:undefined:undefined:undefined":0,"s:16:8:16:Infinity":2,"s:16:29:16:Infinity":3,"b:19:8:54:Infinity:undefined:undefined:undefined:undefined":1,"s:19:8:54:Infinity":4,"s:20:12:20:Infinity":5,"s:22:12:53:Infinity":6,"s:22:25:22:28":7,"s:23:30:23:Infinity":8,"s:24:69:24:Infinity":9,"s:25:22:25:Infinity":10,"s:27:37:27:Infinity":11,"s:28:43:28:Infinity":12,"s:29:43:29:Infinity":13,"s:32:16:36:Infinity":14,"s:39:61:39:Infinity":15,"s:40:67:40:Infinity":16,"s:41:67:41:Infinity":17,"s:44:46:50:Infinity":18,"b:52:16:52:Infinity:undefined:undefined:undefined:undefined":2,"s:52:16:52:Infinity":19,"s:52:32:52:Infinity":20,"b:57:8:101:Infinity:undefined:undefined:undefined:undefined":3,"s:57:8:101:Infinity":21,"s:58:12:58:Infinity":22,"s:60:12:100:Infinity":23,"s:60:25:60:28":24,"s:61:35:61:Infinity":25,"s:62:34:62:Infinity":26,"s:63:32:63:Infinity":27,"s:64:38:64:Infinity":28,"s:65:34:65:Infinity":29,"s:68:47:72:Infinity":30,"b:69:33:69:51:69:51:69:Infinity":4,"b:73:16:73:Infinity:undefined:undefined:undefined:undefined":5,"s:73:16:73:Infinity":31,"s:73:33:73:Infinity":32,"s:76:58:76:Infinity":33,"s:79:35:79:Infinity":34,"b:80:16:89:Infinity:undefined:undefined:undefined:undefined":6,"s:80:16:89:Infinity":35,"s:81:42:81:Infinity":36,"s:82:38:82:Infinity":37,"s:83:56:83:Infinity":38,"b:85:20:88:Infinity:undefined:undefined:undefined:undefined":7,"s:85:20:88:Infinity":39,"s:86:52:86:Infinity":40,"s:87:24:87:Infinity":41,"s:91:46:97:Infinity":42,"b:99:16:99:Infinity:undefined:undefined:undefined:undefined":8,"s:99:16:99:Infinity":43,"s:99:32:99:Infinity":44,"s:104:4:104:Infinity":45}}}
,"C:\\Users\\lewis\\Documents\\Projects\\spothop-web\\src\\hooks\\useNotifications.tsx": {"path":"C:\\Users\\lewis\\Documents\\Projects\\spothop-web\\src\\hooks\\useNotifications.tsx","statementMap":{"0":{"start":{"line":8,"column":13},"end":{"line":12,"column":null}},"1":{"start":{"line":15,"column":10},"end":{"line":15,"column":null}},"2":{"start":{"line":16,"column":10},"end":{"line":16,"column":null}},"3":{"start":{"line":17,"column":10},"end":{"line":17,"column":null}},"4":{"start":{"line":20,"column":47},"end":{"line":20,"column":null}},"5":{"start":{"line":21,"column":26},"end":{"line":21,"column":null}},"6":{"start":{"line":22,"column":24},"end":{"line":22,"column":null}},"7":{"start":{"line":22,"column":50},"end":{"line":22,"column":60}},"8":{"start":{"line":24,"column":23},"end":{"line":36,"column":null}},"9":{"start":{"line":25,"column":8},"end":{"line":35,"column":null}},"10":{"start":{"line":26,"column":30},"end":{"line":29,"column":null}},"11":{"start":{"line":31,"column":12},"end":{"line":31,"column":null}},"12":{"start":{"line":31,"column":23},"end":{"line":31,"column":null}},"13":{"start":{"line":32,"column":12},"end":{"line":32,"column":null}},"14":{"start":{"line":34,"column":12},"end":{"line":34,"column":null}},"15":{"start":{"line":38,"column":31},"end":{"line":50,"column":null}},"16":{"start":{"line":39,"column":8},"end":{"line":49,"column":null}},"17":{"start":{"line":40,"column":30},"end":{"line":43,"column":null}},"18":{"start":{"line":45,"column":12},"end":{"line":45,"column":null}},"19":{"start":{"line":45,"column":23},"end":{"line":45,"column":null}},"20":{"start":{"line":46,"column":12},"end":{"line":46,"column":null}},"21":{"start":{"line":48,"column":12},"end":{"line":48,"column":null}},"22":{"start":{"line":52,"column":26},"end":{"line":66,"column":null}},"23":{"start":{"line":53,"column":8},"end":{"line":53,"column":null}},"24":{"start":{"line":53,"column":28},"end":{"line":53,"column":null}},"25":{"start":{"line":54,"column":8},"end":{"line":65,"column":null}},"26":{"start":{"line":55,"column":30},"end":{"line":59,"column":null}},"27":{"start":{"line":61,"column":12},"end":{"line":61,"column":null}},"28":{"start":{"line":61,"column":23},"end":{"line":61,"column":null}},"29":{"start":{"line":62,"column":12},"end":{"line":62,"column":null}},"30":{"start":{"line":64,"column":12},"end":{"line":64,"column":null}},"31":{"start":{"line":68,"column":4},"end":{"line":102,"column":null}},"32":{"start":{"line":70,"column":8},"end":{"line":70,"column":null}},"33":{"start":{"line":70,"column":28},"end":{"line":70,"column":null}},"34":{"start":{"line":72,"column":24},"end":{"line":97,"column":null}},"35":{"start":{"line":83,"column":41},"end":{"line":83,"column":null}},"36":{"start":{"line":86,"column":20},"end":{"line":92,"column":null}},"37":{"start":{"line":87,"column":24},"end":{"line":91,"column":null}},"38":{"start":{"line":94,"column":20},"end":{"line":94,"column":null}},"39":{"start":{"line":99,"column":8},"end":{"line":101,"column":null}},"40":{"start":{"line":100,"column":12},"end":{"line":100,"column":null}},"41":{"start":{"line":104,"column":4},"end":{"line":112,"column":null}},"42":{"start":{"line":111,"column":34},"end":{"line":111,"column":null}}},"fnMap":{"0":{"name":"useNotifications","decl":{"start":{"line":14,"column":16},"end":{"line":14,"column":35}},"loc":{"start":{"line":14,"column":35},"end":{"line":113,"column":null}},"line":14},"1":{"name":"(anonymous_1)","decl":{"start":{"line":22,"column":45},"end":{"line":22,"column":50}},"loc":{"start":{"line":22,"column":50},"end":{"line":22,"column":60}},"line":22},"2":{"name":"(anonymous_2)","decl":{"start":{"line":24,"column":23},"end":{"line":24,"column":30}},"loc":{"start":{"line":24,"column":57},"end":{"line":36,"column":null}},"line":24},"3":{"name":"(anonymous_3)","decl":{"start":{"line":38,"column":31},"end":{"line":38,"column":38}},"loc":{"start":{"line":38,"column":65},"end":{"line":50,"column":null}},"line":38},"4":{"name":"(anonymous_4)","decl":{"start":{"line":52,"column":26},"end":{"line":52,"column":38}},"loc":{"start":{"line":52,"column":38},"end":{"line":66,"column":null}},"line":52},"5":{"name":"(anonymous_5)","decl":{"start":{"line":68,"column":14},"end":{"line":68,"column":20}},"loc":{"start":{"line":68,"column":20},"end":{"line":102,"column":7}},"line":68},"6":{"name":"(anonymous_6)","decl":{"start":{"line":82,"column":16},"end":{"line":82,"column":17}},"loc":{"start":{"line":82,"column":29},"end":{"line":95,"column":null}},"line":82},"7":{"name":"(anonymous_7)","decl":{"start":{"line":99,"column":15},"end":{"line":99,"column":21}},"loc":{"start":{"line":99,"column":21},"end":{"line":101,"column":null}},"line":99},"8":{"name":"(anonymous_8)","decl":{"start":{"line":111,"column":28},"end":{"line":111,"column":34}},"loc":{"start":{"line":111,"column":34},"end":{"line":111,"column":null}},"line":111}},"branchMap":{"0":{"loc":{"start":{"line":21,"column":26},"end":{"line":21,"column":null}},"type":"binary-expr","locations":[{"start":{"line":21,"column":26},"end":{"line":21,"column":47}},{"start":{"line":21,"column":47},"end":{"line":21,"column":null}}],"line":21},"1":{"loc":{"start":{"line":31,"column":12},"end":{"line":31,"column":null}},"type":"if","locations":[{"start":{"line":31,"column":12},"end":{"line":31,"column":null}},{"start":{},"end":{}}],"line":31},"2":{"loc":{"start":{"line":45,"column":12},"end":{"line":45,"column":null}},"type":"if","locations":[{"start":{"line":45,"column":12},"end":{"line":45,"column":null}},{"start":{},"end":{}}],"line":45},"3":{"loc":{"start":{"line":53,"column":8},"end":{"line":53,"column":null}},"type":"if","locations":[{"start":{"line":53,"column":8},"end":{"line":53,"column":null}},{"start":{},"end":{}}],"line":53},"4":{"loc":{"start":{"line":61,"column":12},"end":{"line":61,"column":null}},"type":"if","locations":[{"start":{"line":61,"column":12},"end":{"line":61,"column":null}},{"start":{},"end":{}}],"line":61},"5":{"loc":{"start":{"line":70,"column":8},"end":{"line":70,"column":null}},"type":"if","locations":[{"start":{"line":70,"column":8},"end":{"line":70,"column":null}},{"start":{},"end":{}}],"line":70},"6":{"loc":{"start":{"line":86,"column":20},"end":{"line":92,"column":null}},"type":"if","locations":[{"start":{"line":86,"column":20},"end":{"line":92,"column":null}},{"start":{},"end":{}}],"line":86}},"s":{"0":2,"1":3,"2":3,"3":3,"4":3,"5":3,"6":3,"7":6,"8":3,"9":1,"10":1,"11":1,"12":0,"13":1,"14":0,"15":3,"16":0,"17":0,"18":0,"19":0,"20":0,"21":0,"22":3,"23":1,"24":0,"25":1,"26":1,"27":1,"28":0,"29":1,"30":0,"31":3,"32":3,"33":0,"34":3,"35":0,"36":0,"37":0,"38":0,"39":3,"40":3,"41":3,"42":0},"f":{"0":3,"1":6,"2":1,"3":0,"4":1,"5":3,"6":0,"7":3,"8":0},"b":{"0":[3,0],"1":[0,1],"2":[0,0],"3":[0,1],"4":[0,1],"5":[0,3],"6":[0,0]},"meta":{"lastBranch":7,"lastFunction":9,"lastStatement":43,"seen":{"s:8:13:12:Infinity":0,"f:14:16:14:35":0,"s:15:10:15:Infinity":1,"s:16:10:16:Infinity":2,"s:17:10:17:Infinity":3,"s:20:47:20:Infinity":4,"s:21:26:21:Infinity":5,"b:21:26:21:47:21:47:21:Infinity":0,"s:22:24:22:Infinity":6,"f:22:45:22:50":1,"s:22:50:22:60":7,"s:24:23:36:Infinity":8,"f:24:23:24:30":2,"s:25:8:35:Infinity":9,"s:26:30:29:Infinity":10,"b:31:12:31:Infinity:undefined:undefined:undefined:undefined":1,"s:31:12:31:Infinity":11,"s:31:23:31:Infinity":12,"s:32:12:32:Infinity":13,"s:34:12:34:Infinity":14,"s:38:31:50:Infinity":15,"f:38:31:38:38":3,"s:39:8:49:Infinity":16,"s:40:30:43:Infinity":17,"b:45:12:45:Infinity:undefined:undefined:undefined:undefined":2,"s:45:12:45:Infinity":18,"s:45:23:45:Infinity":19,"s:46:12:46:Infinity":20,"s:48:12:48:Infinity":21,"s:52:26:66:Infinity":22,"f:52:26:52:38":4,"b:53:8:53:Infinity:undefined:undefined:undefined:undefined":3,"s:53:8:53:Infinity":23,"s:53:28:53:Infinity":24,"s:54:8:65:Infinity":25,"s:55:30:59:Infinity":26,"b:61:12:61:Infinity:undefined:undefined:undefined:undefined":4,"s:61:12:61:Infinity":27,"s:61:23:61:Infinity":28,"s:62:12:62:Infinity":29,"s:64:12:64:Infinity":30,"s:68:4:102:Infinity":31,"f:68:14:68:20":5,"b:70:8:70:Infinity:undefined:undefined:undefined:undefined":5,"s:70:8:70:Infinity":32,"s:70:28:70:Infinity":33,"s:72:24:97:Infinity":34,"f:82:16:82:17":6,"s:83:41:83:Infinity":35,"b:86:20:92:Infinity:undefined:undefined:undefined:undefined":6,"s:86:20:92:Infinity":36,"s:87:24:91:Infinity":37,"s:94:20:94:Infinity":38,"s:99:8:101:Infinity":39,"f:99:15:99:21":7,"s:100:12:100:Infinity":40,"s:104:4:112:Infinity":41,"f:111:28:111:34":8,"s:111:34:111:Infinity":42}}}
,"C:\\Users\\lewis\\Documents\\Projects\\spothop-web\\src\\hooks\\useOnlineStatus.tsx": {"path":"C:\\Users\\lewis\\Documents\\Projects\\spothop-web\\src\\hooks\\useOnlineStatus.tsx","statementMap":{"0":{"start":{"line":4,"column":32},"end":{"line":4,"column":null}},"1":{"start":{"line":6,"column":4},"end":{"line":17,"column":null}},"2":{"start":{"line":7,"column":29},"end":{"line":7,"column":null}},"3":{"start":{"line":7,"column":35},"end":{"line":7,"column":null}},"4":{"start":{"line":8,"column":30},"end":{"line":8,"column":null}},"5":{"start":{"line":8,"column":36},"end":{"line":8,"column":null}},"6":{"start":{"line":10,"column":8},"end":{"line":10,"column":null}},"7":{"start":{"line":11,"column":8},"end":{"line":11,"column":null}},"8":{"start":{"line":13,"column":8},"end":{"line":16,"column":null}},"9":{"start":{"line":14,"column":12},"end":{"line":14,"column":null}},"10":{"start":{"line":15,"column":12},"end":{"line":15,"column":null}},"11":{"start":{"line":19,"column":4},"end":{"line":19,"column":null}}},"fnMap":{"0":{"name":"useOnlineStatus","decl":{"start":{"line":3,"column":16},"end":{"line":3,"column":34}},"loc":{"start":{"line":3,"column":34},"end":{"line":20,"column":null}},"line":3},"1":{"name":"(anonymous_1)","decl":{"start":{"line":6,"column":14},"end":{"line":6,"column":20}},"loc":{"start":{"line":6,"column":20},"end":{"line":17,"column":7}},"line":6},"2":{"name":"(anonymous_2)","decl":{"start":{"line":7,"column":29},"end":{"line":7,"column":35}},"loc":{"start":{"line":7,"column":35},"end":{"line":7,"column":null}},"line":7},"3":{"name":"(anonymous_3)","decl":{"start":{"line":8,"column":30},"end":{"line":8,"column":36}},"loc":{"start":{"line":8,"column":36},"end":{"line":8,"column":null}},"line":8},"4":{"name":"(anonymous_4)","decl":{"start":{"line":13,"column":15},"end":{"line":13,"column":21}},"loc":{"start":{"line":13,"column":21},"end":{"line":16,"column":null}},"line":13}},"branchMap":{},"s":{"0":4,"1":4,"2":2,"3":1,"4":2,"5":1,"6":2,"7":2,"8":2,"9":2,"10":2,"11":4},"f":{"0":4,"1":2,"2":1,"3":1,"4":2},"b":{},"meta":{"lastBranch":0,"lastFunction":5,"lastStatement":12,"seen":{"f:3:16:3:34":0,"s:4:32:4:Infinity":0,"s:6:4:17:Infinity":1,"f:6:14:6:20":1,"s:7:29:7:Infinity":2,"f:7:29:7:35":2,"s:7:35:7:Infinity":3,"s:8:30:8:Infinity":4,"f:8:30:8:36":3,"s:8:36:8:Infinity":5,"s:10:8:10:Infinity":6,"s:11:8:11:Infinity":7,"s:13:8:16:Infinity":8,"f:13:15:13:21":4,"s:14:12:14:Infinity":9,"s:15:12:15:Infinity":10,"s:19:4:19:Infinity":11}}}
,"C:\\Users\\lewis\\Documents\\Projects\\spothop-web\\src\\hooks\\useProfile.tsx": {"path":"C:\\Users\\lewis\\Documents\\Projects\\spothop-web\\src\\hooks\\useProfile.tsx","statementMap":{"0":{"start":{"line":16,"column":26},"end":{"line":72,"column":null}},"1":{"start":{"line":17,"column":10},"end":{"line":17,"column":null}},"2":{"start":{"line":18,"column":25},"end":{"line":18,"column":null}},"3":{"start":{"line":19,"column":10},"end":{"line":19,"column":null}},"4":{"start":{"line":22,"column":10},"end":{"line":22,"column":null}},"5":{"start":{"line":25,"column":10},"end":{"line":28,"column":null}},"6":{"start":{"line":31,"column":10},"end":{"line":34,"column":null}},"7":{"start":{"line":36,"column":26},"end":{"line":51,"column":null}},"8":{"start":{"line":37,"column":8},"end":{"line":37,"column":null}},"9":{"start":{"line":37,"column":28},"end":{"line":37,"column":null}},"10":{"start":{"line":38,"column":8},"end":{"line":50,"column":null}},"11":{"start":{"line":39,"column":30},"end":{"line":43,"column":null}},"12":{"start":{"line":44,"column":12},"end":{"line":44,"column":null}},"13":{"start":{"line":44,"column":23},"end":{"line":44,"column":null}},"14":{"start":{"line":47,"column":12},"end":{"line":47,"column":null}},"15":{"start":{"line":49,"column":12},"end":{"line":49,"column":null}},"16":{"start":{"line":53,"column":4},"end":{"line":71,"column":null}},"17":{"start":{"line":70,"column":23},"end":{"line":70,"column":null}}},"fnMap":{"0":{"name":"(anonymous_0)","decl":{"start":{"line":16,"column":26},"end":{"line":16,"column":27}},"loc":{"start":{"line":16,"column":75},"end":{"line":72,"column":null}},"line":16},"1":{"name":"(anonymous_1)","decl":{"start":{"line":36,"column":26},"end":{"line":36,"column":33}},"loc":{"start":{"line":36,"column":67},"end":{"line":51,"column":null}},"line":36},"2":{"name":"(anonymous_2)","decl":{"start":{"line":70,"column":17},"end":{"line":70,"column":23}},"loc":{"start":{"line":70,"column":23},"end":{"line":70,"column":null}},"line":70}},"branchMap":{"0":{"loc":{"start":{"line":16,"column":44},"end":{"line":16,"column":75}},"type":"default-arg","locations":[{"start":{"line":16,"column":66},"end":{"line":16,"column":75}}],"line":16},"1":{"loc":{"start":{"line":18,"column":25},"end":{"line":18,"column":null}},"type":"binary-expr","locations":[{"start":{"line":18,"column":25},"end":{"line":18,"column":35}},{"start":{"line":18,"column":35},"end":{"line":18,"column":null}}],"line":18},"2":{"loc":{"start":{"line":27,"column":8},"end":{"line":27,"column":null}},"type":"binary-expr","locations":[{"start":{"line":27,"column":8},"end":{"line":27,"column":31}},{"start":{"line":27,"column":31},"end":{"line":27,"column":null}}],"line":27},"3":{"loc":{"start":{"line":33,"column":8},"end":{"line":33,"column":null}},"type":"binary-expr","locations":[{"start":{"line":33,"column":8},"end":{"line":33,"column":31}},{"start":{"line":33,"column":31},"end":{"line":33,"column":null}}],"line":33},"4":{"loc":{"start":{"line":37,"column":8},"end":{"line":37,"column":null}},"type":"if","locations":[{"start":{"line":37,"column":8},"end":{"line":37,"column":null}},{"start":{},"end":{}}],"line":37},"5":{"loc":{"start":{"line":44,"column":12},"end":{"line":44,"column":null}},"type":"if","locations":[{"start":{"line":44,"column":12},"end":{"line":44,"column":null}},{"start":{},"end":{}}],"line":44},"6":{"loc":{"start":{"line":56,"column":23},"end":{"line":56,"column":null}},"type":"binary-expr","locations":[{"start":{"line":56,"column":23},"end":{"line":56,"column":54}},{"start":{"line":56,"column":54},"end":{"line":56,"column":null}}],"line":56},"7":{"loc":{"start":{"line":57,"column":20},"end":{"line":57,"column":null}},"type":"binary-expr","locations":[{"start":{"line":57,"column":20},"end":{"line":57,"column":47}},{"start":{"line":57,"column":47},"end":{"line":57,"column":null}}],"line":57},"8":{"loc":{"start":{"line":58,"column":23},"end":{"line":58,"column":null}},"type":"binary-expr","locations":[{"start":{"line":58,"column":23},"end":{"line":58,"column":58}},{"start":{"line":58,"column":58},"end":{"line":58,"column":null}}],"line":58},"9":{"loc":{"start":{"line":59,"column":24},"end":{"line":59,"column":null}},"type":"binary-expr","locations":[{"start":{"line":59,"column":24},"end":{"line":59,"column":60}},{"start":{"line":59,"column":60},"end":{"line":59,"column":null}}],"line":59},"10":{"loc":{"start":{"line":60,"column":22},"end":{"line":60,"column":null}},"type":"binary-expr","locations":[{"start":{"line":60,"column":22},"end":{"line":60,"column":57}},{"start":{"line":60,"column":57},"end":{"line":60,"column":null}}],"line":60},"11":{"loc":{"start":{"line":61,"column":19},"end":{"line":61,"column":null}},"type":"binary-expr","locations":[{"start":{"line":61,"column":19},"end":{"line":61,"column":51}},{"start":{"line":61,"column":51},"end":{"line":61,"column":null}}],"line":61}},"s":{"0":1,"1":2,"2":2,"3":2,"4":2,"5":2,"6":2,"7":2,"8":1,"9":0,"10":1,"11":1,"12":1,"13":1,"14":0,"15":1,"16":2,"17":0},"f":{"0":2,"1":1,"2":0},"b":{"0":[2],"1":[2,1],"2":[2,2],"3":[2,2],"4":[0,1],"5":[1,0],"6":[2,2],"7":[2,2],"8":[2,2],"9":[2,2],"10":[2,2],"11":[2,2]},"meta":{"lastBranch":12,"lastFunction":3,"lastStatement":18,"seen":{"s:16:26:72:Infinity":0,"f:16:26:16:27":0,"b:16:66:16:75":0,"s:17:10:17:Infinity":1,"s:18:25:18:Infinity":2,"b:18:25:18:35:18:35:18:Infinity":1,"s:19:10:19:Infinity":3,"s:22:10:22:Infinity":4,"s:25:10:28:Infinity":5,"b:27:8:27:31:27:31:27:Infinity":2,"s:31:10:34:Infinity":6,"b:33:8:33:31:33:31:33:Infinity":3,"s:36:26:51:Infinity":7,"f:36:26:36:33":1,"b:37:8:37:Infinity:undefined:undefined:undefined:undefined":4,"s:37:8:37:Infinity":8,"s:37:28:37:Infinity":9,"s:38:8:50:Infinity":10,"s:39:30:43:Infinity":11,"b:44:12:44:Infinity:undefined:undefined:undefined:undefined":5,"s:44:12:44:Infinity":12,"s:44:23:44:Infinity":13,"s:47:12:47:Infinity":14,"s:49:12:49:Infinity":15,"s:53:4:71:Infinity":16,"b:56:23:56:54:56:54:56:Infinity":6,"b:57:20:57:47:57:47:57:Infinity":7,"b:58:23:58:58:58:58:58:Infinity":8,"b:59:24:59:60:59:60:59:Infinity":9,"b:60:22:60:57:60:57:60:Infinity":10,"b:61:19:61:51:61:51:61:Infinity":11,"f:70:17:70:23":2,"s:70:23:70:Infinity":17}}}
,"C:\\Users\\lewis\\Documents\\Projects\\spothop-web\\src\\hooks\\useProfileQueries.tsx": {"path":"C:\\Users\\lewis\\Documents\\Projects\\spothop-web\\src\\hooks\\useProfileQueries.tsx","statementMap":{"0":{"start":{"line":4,"column":27},"end":{"line":10,"column":null}},"1":{"start":{"line":6,"column":32},"end":{"line":6,"column":null}},"2":{"start":{"line":7,"column":32},"end":{"line":7,"column":null}},"3":{"start":{"line":8,"column":33},"end":{"line":8,"column":null}},"4":{"start":{"line":9,"column":39},"end":{"line":9,"column":null}},"5":{"start":{"line":16,"column":4},"end":{"line":21,"column":null}},"6":{"start":{"line":18,"column":23},"end":{"line":18,"column":null}},"7":{"start":{"line":28,"column":4},"end":{"line":41,"column":null}},"8":{"start":{"line":31,"column":12},"end":{"line":31,"column":null}},"9":{"start":{"line":31,"column":25},"end":{"line":31,"column":null}},"10":{"start":{"line":32,"column":46},"end":{"line":36,"column":null}},"11":{"start":{"line":37,"column":12},"end":{"line":37,"column":null}},"12":{"start":{"line":48,"column":4},"end":{"line":53,"column":null}},"13":{"start":{"line":50,"column":23},"end":{"line":50,"column":null}},"14":{"start":{"line":60,"column":4},"end":{"line":65,"column":null}},"15":{"start":{"line":62,"column":23},"end":{"line":62,"column":null}}},"fnMap":{"0":{"name":"(anonymous_0)","decl":{"start":{"line":6,"column":12},"end":{"line":6,"column":13}},"loc":{"start":{"line":6,"column":32},"end":{"line":6,"column":null}},"line":6},"1":{"name":"(anonymous_1)","decl":{"start":{"line":7,"column":12},"end":{"line":7,"column":13}},"loc":{"start":{"line":7,"column":32},"end":{"line":7,"column":null}},"line":7},"2":{"name":"(anonymous_2)","decl":{"start":{"line":8,"column":13},"end":{"line":8,"column":14}},"loc":{"start":{"line":8,"column":33},"end":{"line":8,"column":null}},"line":8},"3":{"name":"(anonymous_3)","decl":{"start":{"line":9,"column":19},"end":{"line":9,"column":20}},"loc":{"start":{"line":9,"column":39},"end":{"line":9,"column":null}},"line":9},"4":{"name":"useProfileQuery","decl":{"start":{"line":15,"column":16},"end":{"line":15,"column":32}},"loc":{"start":{"line":15,"column":49},"end":{"line":22,"column":null}},"line":15},"5":{"name":"(anonymous_5)","decl":{"start":{"line":18,"column":17},"end":{"line":18,"column":23}},"loc":{"start":{"line":18,"column":23},"end":{"line":18,"column":null}},"line":18},"6":{"name":"useSocialStatsQuery","decl":{"start":{"line":27,"column":16},"end":{"line":27,"column":36}},"loc":{"start":{"line":27,"column":69},"end":{"line":42,"column":null}},"line":27},"7":{"name":"(anonymous_7)","decl":{"start":{"line":30,"column":17},"end":{"line":30,"column":29}},"loc":{"start":{"line":30,"column":29},"end":{"line":38,"column":null}},"line":30},"8":{"name":"useUserContentQuery","decl":{"start":{"line":47,"column":16},"end":{"line":47,"column":36}},"loc":{"start":{"line":47,"column":69},"end":{"line":54,"column":null}},"line":47},"9":{"name":"(anonymous_9)","decl":{"start":{"line":50,"column":17},"end":{"line":50,"column":23}},"loc":{"start":{"line":50,"column":23},"end":{"line":50,"column":null}},"line":50},"10":{"name":"useNotificationsQuery","decl":{"start":{"line":59,"column":16},"end":{"line":59,"column":38}},"loc":{"start":{"line":59,"column":55},"end":{"line":66,"column":null}},"line":59},"11":{"name":"(anonymous_11)","decl":{"start":{"line":62,"column":17},"end":{"line":62,"column":23}},"loc":{"start":{"line":62,"column":23},"end":{"line":62,"column":null}},"line":62}},"branchMap":{"0":{"loc":{"start":{"line":17,"column":18},"end":{"line":17,"column":null}},"type":"cond-expr","locations":[{"start":{"line":17,"column":27},"end":{"line":17,"column":56}},{"start":{"line":17,"column":56},"end":{"line":17,"column":null}}],"line":17},"1":{"loc":{"start":{"line":18,"column":23},"end":{"line":18,"column":null}},"type":"cond-expr","locations":[{"start":{"line":18,"column":32},"end":{"line":18,"column":71}},{"start":{"line":18,"column":71},"end":{"line":18,"column":null}}],"line":18},"2":{"loc":{"start":{"line":27,"column":53},"end":{"line":27,"column":69}},"type":"default-arg","locations":[{"start":{"line":27,"column":63},"end":{"line":27,"column":69}}],"line":27},"3":{"loc":{"start":{"line":29,"column":18},"end":{"line":29,"column":null}},"type":"cond-expr","locations":[{"start":{"line":29,"column":27},"end":{"line":29,"column":56}},{"start":{"line":29,"column":56},"end":{"line":29,"column":null}}],"line":29},"4":{"loc":{"start":{"line":31,"column":12},"end":{"line":31,"column":null}},"type":"if","locations":[{"start":{"line":31,"column":12},"end":{"line":31,"column":null}},{"start":{},"end":{}}],"line":31},"5":{"loc":{"start":{"line":39,"column":17},"end":{"line":39,"column":null}},"type":"binary-expr","locations":[{"start":{"line":39,"column":17},"end":{"line":39,"column":29}},{"start":{"line":39,"column":29},"end":{"line":39,"column":null}}],"line":39},"6":{"loc":{"start":{"line":47,"column":53},"end":{"line":47,"column":69}},"type":"default-arg","locations":[{"start":{"line":47,"column":63},"end":{"line":47,"column":69}}],"line":47},"7":{"loc":{"start":{"line":49,"column":18},"end":{"line":49,"column":null}},"type":"cond-expr","locations":[{"start":{"line":49,"column":27},"end":{"line":49,"column":57}},{"start":{"line":49,"column":57},"end":{"line":49,"column":null}}],"line":49},"8":{"loc":{"start":{"line":50,"column":23},"end":{"line":50,"column":null}},"type":"cond-expr","locations":[{"start":{"line":50,"column":32},"end":{"line":50,"column":74}},{"start":{"line":50,"column":74},"end":{"line":50,"column":null}}],"line":50},"9":{"loc":{"start":{"line":51,"column":17},"end":{"line":51,"column":null}},"type":"binary-expr","locations":[{"start":{"line":51,"column":17},"end":{"line":51,"column":29}},{"start":{"line":51,"column":29},"end":{"line":51,"column":null}}],"line":51},"10":{"loc":{"start":{"line":61,"column":18},"end":{"line":61,"column":null}},"type":"cond-expr","locations":[{"start":{"line":61,"column":27},"end":{"line":61,"column":63}},{"start":{"line":61,"column":63},"end":{"line":61,"column":null}}],"line":61},"11":{"loc":{"start":{"line":62,"column":23},"end":{"line":62,"column":null}},"type":"cond-expr","locations":[{"start":{"line":62,"column":32},"end":{"line":62,"column":76}},{"start":{"line":62,"column":76},"end":{"line":62,"column":null}}],"line":62}},"s":{"0":2,"1":4,"2":4,"3":4,"4":0,"5":4,"6":2,"7":4,"8":1,"9":0,"10":1,"11":1,"12":4,"13":1,"14":0,"15":0},"f":{"0":4,"1":4,"2":4,"3":0,"4":4,"5":2,"6":4,"7":1,"8":4,"9":1,"10":0,"11":0},"b":{"0":[4,0],"1":[2,0],"2":[4],"3":[4,0],"4":[0,1],"5":[4,4],"6":[4],"7":[4,0],"8":[1,0],"9":[4,4],"10":[0,0],"11":[0,0]},"meta":{"lastBranch":12,"lastFunction":12,"lastStatement":16,"seen":{"s:4:27:10:Infinity":0,"f:6:12:6:13":0,"s:6:32:6:Infinity":1,"f:7:12:7:13":1,"s:7:32:7:Infinity":2,"f:8:13:8:14":2,"s:8:33:8:Infinity":3,"f:9:19:9:20":3,"s:9:39:9:Infinity":4,"f:15:16:15:32":4,"s:16:4:21:Infinity":5,"b:17:27:17:56:17:56:17:Infinity":0,"f:18:17:18:23":5,"s:18:23:18:Infinity":6,"b:18:32:18:71:18:71:18:Infinity":1,"f:27:16:27:36":6,"b:27:63:27:69":2,"s:28:4:41:Infinity":7,"b:29:27:29:56:29:56:29:Infinity":3,"f:30:17:30:29":7,"b:31:12:31:Infinity:undefined:undefined:undefined:undefined":4,"s:31:12:31:Infinity":8,"s:31:25:31:Infinity":9,"s:32:46:36:Infinity":10,"s:37:12:37:Infinity":11,"b:39:17:39:29:39:29:39:Infinity":5,"f:47:16:47:36":8,"b:47:63:47:69":6,"s:48:4:53:Infinity":12,"b:49:27:49:57:49:57:49:Infinity":7,"f:50:17:50:23":9,"s:50:23:50:Infinity":13,"b:50:32:50:74:50:74:50:Infinity":8,"b:51:17:51:29:51:29:51:Infinity":9,"f:59:16:59:38":10,"s:60:4:65:Infinity":14,"b:61:27:61:63:61:63:61:Infinity":10,"f:62:17:62:23":11,"s:62:23:62:Infinity":15,"b:62:32:62:76:62:76:62:Infinity":11}}}
[...]
},"loc":{"start":{"line":11,"column":86},"end":{"line":54,"column":null}},"line":11},"1":{"name":"(anonymous_1)","decl":{"start":{"line":24,"column":65},"end":{"line":24,"column":66}},"loc":{"start":{"line":25,"column":16},"end":{"line":25,"column":null}},"line":25},"2":{"name":"(anonymous_2)","decl":{"start":{"line":28,"column":66},"end":{"line":28,"column":67}},"loc":{"start":{"line":29,"column":16},"end":{"line":29,"column":null}},"line":29},"3":{"name":"(anonymous_3)","decl":{"start":{"line":32,"column":68},"end":{"line":32,"column":69}},"loc":{"start":{"line":33,"column":16},"end":{"line":33,"column":null}},"line":33},"4":{"name":"(anonymous_4)","decl":{"start":{"line":38,"column":47},"end":{"line":38,"column":48}},"loc":{"start":{"line":38,"column":59},"end":{"line":38,"column":106}},"line":38}},"branchMap":{"0":{"loc":{"start":{"line":1,"column":28},"end":{"line":1,"column":null}},"type":"binary-expr","locations":[{"start":{"line":1,"column":28},"end":{"line":1,"column":72}},{"start":{"line":1,"column":72},"end":{"line":1,"column":null}}],"line":1},"1":{"loc":{"start":{"line":13,"column":4},"end":{"line":13,"column":null}},"type":"if","locations":[{"start":{"line":13,"column":4},"end":{"line":13,"column":null}},{"start":{},"end":{}}],"line":13},"2":{"loc":{"start":{"line":21,"column":8},"end":{"line":48,"column":null}},"type":"if","locations":[{"start":{"line":21,"column":8},"end":{"line":48,"column":null}},{"start":{},"end":{}}],"line":21},"3":{"loc":{"start":{"line":21,"column":12},"end":{"line":21,"column":53}},"type":"binary-expr","locations":[{"start":{"line":21,"column":12},"end":{"line":21,"column":28}},{"start":{"line":21,"column":28},"end":{"line":21,"column":53}}],"line":21},"4":{"loc":{"start":{"line":25,"column":16},"end":{"line":25,"column":null}},"type":"binary-expr","locations":[{"start":{"line":25,"column":16},"end":{"line":25,"column":48}},{"start":{"line":25,"column":48},"end":{"line":25,"column":null}}],"line":25},"5":{"loc":{"start":{"line":37,"column":25},"end":{"line":38,"column":null}},"type":"binary-expr","locations":[{"start":{"line":37,"column":25},"end":{"line":37,"column":null}},{"start":{"line":38,"column":16},"end":{"line":38,"column":null}}],"line":37}},"s":{"0":2,"1":2,"2":0,"3":0,"4":0,"5":0,"6":0,"7":0,"8":0,"9":0,"10":0,"11":0,"12":0,"13":0,"14":0,"15":0,"16":0,"17":0,"18":0,"19":0,"20":0,"21":0,"22":0},"f":{"0":0,"1":0,"2":0,"3":0,"4":0},"b":{"0":[2,2],"1":[0,0],"2":[0,0],"3":[0,0],"4":[0,0],"5":[0,0]},"meta":{"lastBranch":6,"lastFunction":5,"lastStatement":23,"seen":{"s:1:28:1:Infinity":0,"b:1:28:1:72:1:72:1:Infinity":0,"s:9:44:9:Infinity":1,"f:11:22:11:37":0,"s:12:21:12:Infinity":2,"b:13:4:13:Infinity:undefined:undefined:undefined:undefined":1,"s:13:4:13:Infinity":3,"s:13:25:13:Infinity":4,"s:15:4:51:Infinity":5,"s:16:25:18:Infinity":6,"s:19:21:19:Infinity":7,"b:21:8:48:Infinity:undefined:undefined:undefined:undefined":2,"s:21:8:48:Infinity":8,"b:21:12:21:28:21:28:21:53":3,"s:22:27:22:Infinity":9,"s:24:34:26:Infinity":10,"f:24:65:24:66":1,"s:25:16:25:Infinity":11,"b:25:16:25:48:25:48:25:Infinity":4,"s:28:35:30:Infinity":12,"f:28:66:28:67":2,"s:29:16:29:Infinity":13,"s:32:37:34:Infinity":14,"f:32:68:32:69":3,"s:33:16:33:Infinity":15,"s:37:25:38:Infinity":16,"b:37:25:37:Infinity:38:16:38:Infinity":5,"f:38:47:38:48":4,"s:38:59:38:106":17,"s:40:25:44:Infinity":18,"s:46:12:46:Infinity":19,"s:47:12:47:Infinity":20,"s:50:8:50:Infinity":21,"s:53:4:53:Infinity":22}}}
,"C:\\Users\\lewis\\Documents\\Projects\\spothop-web\\src\\utils\\imageOptimization.ts": {"path":"C:\\Users\\lewis\\Documents\\Projects\\spothop-web\\src\\utils\\imageOptimization.ts","statementMap":{"0":{"start":{"line":20,"column":4},"end":{"line":20,"column":null}},"1":{"start":{"line":20,"column":14},"end":{"line":20,"column":null}},"2":{"start":{"line":23,"column":4},"end":{"line":25,"column":null}},"3":{"start":{"line":24,"column":8},"end":{"line":24,"column":null}},"4":{"start":{"line":33,"column":8},"end":{"line":33,"column":null}},"5":{"start":{"line":39,"column":31},"end":{"line":39,"column":null}},"6":{"start":{"line":41,"column":22},"end":{"line":41,"column":null}},"7":{"start":{"line":43,"column":19},"end":{"line":43,"column":null}},"8":{"start":{"line":44,"column":4},"end":{"line":44,"column":null}},"9":{"start":{"line":44,"column":15},"end":{"line":44,"column":null}},"10":{"start":{"line":45,"column":4},"end":{"line":45,"column":null}},"11":{"start":{"line":45,"column":16},"end":{"line":45,"column":null}},"12":{"start":{"line":46,"column":4},"end":{"line":46,"column":null}},"13":{"start":{"line":47,"column":4},"end":{"line":47,"column":null}},"14":{"start":{"line":48,"column":4},"end":{"line":48,"column":null}},"15":{"start":{"line":50,"column":4},"end":{"line":50,"column":null}},"16":{"start":{"line":57,"column":22},"end":{"line":57,"column":null}},"17":{"start":{"line":58,"column":19},"end":{"line":58,"column":null}},"18":{"start":{"line":59,"column":4},"end":{"line":59,"column":null}},"19":{"start":{"line":66,"column":4},"end":{"line":104,"column":null}},"20":{"start":{"line":67,"column":20},"end":{"line":67,"column":null}},"21":{"start":{"line":68,"column":8},"end":{"line":68,"column":null}},"22":{"start":{"line":69,"column":8},"end":{"line":102,"column":null}},"23":{"start":{"line":70,"column":12},"end":{"line":70,"column":null}},"24":{"start":{"line":71,"column":24},"end":{"line":71,"column":null}},"25":{"start":{"line":72,"column":25},"end":{"line":72,"column":null}},"26":{"start":{"line":74,"column":12},"end":{"line":84,"column":null}},"27":{"start":{"line":75,"column":16},"end":{"line":78,"column":null}},"28":{"start":{"line":76,"column":20},"end":{"line":76,"column":null}},"29":{"start":{"line":77,"column":20},"end":{"line":77,"column":null}},"30":{"start":{"line":80,"column":16},"end":{"line":83,"column":null}},"31":{"start":{"line":81,"column":20},"end":{"line":81,"column":null}},"32":{"start":{"line":82,"column":20},"end":{"line":82,"column":null}},"33":{"start":{"line":86,"column":27},"end":{"line":86,"column":null}},"34":{"start":{"line":87,"column":12},"end":{"line":87,"column":null}},"35":{"start":{"line":88,"column":12},"end":{"line":88,"column":null}},"36":{"start":{"line":89,"column":24},"end":{"line":89,"column":null}},"37":{"start":{"line":90,"column":12},"end":{"line":90,"column":null}},"38":{"start":{"line":92,"column":12},"end":{"line":101,"column":null}},"39":{"start":{"line":93,"column":16},"end":{"line":100,"column":null}},"40":{"start":{"line":94,"column":20},"end":{"line":97,"column":null}},"41":{"start":{"line":99,"column":20},"end":{"line":99,"column":null}},"42":{"start":{"line":103,"column":8},"end":{"line":103,"column":null}},"43":{"start":{"line":115,"column":55},"end":{"line":119,"column":null}},"44":{"start":{"line":121,"column":4},"end":{"line":125,"column":null}}},"fnMap":{"0":{"name":"getOptimizedImageUrl","decl":{"start":{"line":10,"column":16},"end":{"line":10,"column":null}},"loc":{"start":{"line":19,"column":10},"end":{"line":51,"column":null}},"line":19},"1":{"name":"generateImageFilename","decl":{"start":{"line":56,"column":16},"end":{"line":56,"column":38}},"loc":{"start":{"line":56,"column":62},"end":{"line":60,"column":null}},"line":56},"2":{"name":"resizeImage","decl":{"start":{"line":65,"column":15},"end":{"line":65,"column":27}},"loc":{"start":{"line":65,"column":114},"end":{"line":105,"column":null}},"line":65},"3":{"name":"(anonymous_3)","decl":{"start":{"line":66,"column":23},"end":{"line":66,"column":24}},"loc":{"start":{"line":66,"column":44},"end":{"line":104,"column":5}},"line":66},"4":{"name":"(anonymous_4)","decl":{"start":{"line":69,"column":21},"end":{"line":69,"column":27}},"loc":{"start":{"line":69,"column":27},"end":{"line":102,"column":null}},"line":69},"5":{"name":"(anonymous_5)","decl":{"start":{"line":92,"column":26},"end":{"line":92,"column":27}},"loc":{"start":{"line":92,"column":36},"end":{"line":101,"column":15}},"line":92},"6":{"name":"optimizePhoto","decl":{"start":{"line":110,"column":22},"end":{"line":110,"column":36}},"loc":{"start":{"line":114,"column":3},"end":{"line":126,"column":null}},"line":114}},"branchMap":{"0":{"loc":{"start":{"line":12,"column":4},"end":{"line":18,"column":null}},"type":"default-arg","locations":[{"start":{"line":18,"column":8},"end":{"line":18,"column":null}}],"line":12},"1":{"loc":{"start":{"line":20,"column":4},"end":{"line":20,"column":null}},"type":"if","locations":[{"start":{"line":20,"column":4},"end":{"line":20,"column":null}},{"start":{},"end":{}}],"line":20},"2":{"loc":{"start":{"line":23,"column":4},"end":{"line":25,"column":null}},"type":"if","locations":[{"start":{"line":23,"column":4},"end":{"line":25,"column":null}},{"start":{},"end":{}}],"line":23},"3":{"loc":{"start":{"line":30,"column":8},"end":{"line":30,"column":null}},"type":"default-arg","locations":[{"start":{"line":30,"column":18},"end":{"line":30,"column":null}}],"line":30},"4":{"loc":{"start":{"line":31,"column":8},"end":{"line":31,"column":null}},"type":"default-arg","locations":[{"start":{"line":31,"column":17},"end":{"line":31,"column":null}}],"line":31},"5":{"loc":{"start":{"line":32,"column":8},"end":{"line":32,"column":null}},"type":"default-arg","locations":[{"start":{"line":32,"column":17},"end":{"line":32,"column":null}}],"line":32},"6":{"loc":{"start":{"line":41,"column":22},"end":{"line":41,"column":null}},"type":"cond-expr","locations":[{"start":{"line":41,"column":57},"end":{"line":41,"column":63}},{"start":{"line":41,"column":63},"end":{"line":41,"column":null}}],"line":41},"7":{"loc":{"start":{"line":44,"column":4},"end":{"line":44,"column":null}},"type":"if","locations":[{"start":{"line":44,"column":4},"end":{"line":44,"column":null}},{"start":{},"end":{}}],"line":44},"8":{"loc":{"start":{"line":45,"column":4},"end":{"line":45,"column":null}},"type":"if","locations":[{"start":{"line":45,"column":4},"end":{"line":45,"column":null}},{"start":{},"end":{}}],"line":45},"9":{"loc":{"start":{"line":74,"column":12},"end":{"line":84,"column":null}},"type":"if","locations":[{"start":{"line":74,"column":12},"end":{"line":84,"column":null}},{"start":{"line":79,"column":19},"end":{"line":84,"column":null}}],"line":74},"10":{"loc":{"start":{"line":75,"column":16},"end":{"line":78,"column":null}},"type":"if","locations":[{"start":{"line":75,"column":16},"end":{"line":78,"column":null}},{"start":{},"end":{}}],"line":75},"11":{"loc":{"start":{"line":80,"column":16},"end":{"line":83,"column":null}},"type":"if","locations":[{"start":{"line":80,"column":16},"end":{"line":83,"column":null}},{"start":{},"end":{}}],"line":80},"12":{"loc":{"start":{"line":93,"column":16},"end":{"line":100,"column":null}},"type":"if","locations":[{"start":{"line":93,"column":16},"end":{"line":100,"column":null}},{"start":{"line":98,"column":23},"end":{"line":100,"column":null}}],"line":93}},"s":{"0":8,"1":2,"2":6,"3":3,"4":3,"5":3,"6":3,"7":8,"8":8,"9":2,"10":3,"11":3,"12":3,"13":3,"14":3,"15":3,"16":2,"17":2,"18":2,"19":0,"20":0,"21":0,"22":0,"23":0,"24":0,"25":0,"26":0,"27":0,"28":0,"29":0,"30":0,"31":0,"32":0,"33":0,"34":0,"35":0,"36":0,"37":0,"38":0,"39":0,"40":0,"41":0,"42":0,"43":0,"44":0},"f":{"0":8,"1":2,"2":0,"3":0,"4":0,"5":0,"6":0},"b":{"0":[8],"1":[2,6],"2":[3,3],"3":[3],"4":[3],"5":[3],"6":[1,2],"7":[2,6],"8":[1,2],"9":[0,0],"10":[0,0],"11":[0,0],"12":[0,0]},"meta":{"lastBranch":13,"lastFunction":7,"lastStatement":45,"seen":{"f:10:16:10:Infinity":0,"b:18:8:18:Infinity":0,"b:20:4:20:Infinity:undefined:undefined:undefined:undefined":1,"s:20:4:20:Infinity":0,"s:20:14:20:Infinity":1,"b:23:4:25:Infinity:undefined:undefined:undefined:undefined":2,"s:23:4:25:Infinity":2,"s:24:8:24:Infinity":3,"s:33:8:33:Infinity":4,"b:30:18:30:Infinity":3,"b:31:17:31:Infinity":4,"b:32:17:32:Infinity":5,"s:39:31:39:Infinity":5,"s:41:22:41:Infinity":6,"b:41:57:41:63:41:63:41:Infinity":6,"s:43:19:43:Infinity":7,"b:44:4:44:Infinity:undefined:undefined:undefined:undefined":7,"s:44:4:44:Infinity":8,"s:44:15:44:Infinity":9,"b:45:4:45:Infinity:undefined:undefined:undefined:undefined":8,"s:45:4:45:Infinity":10,"s:45:16:45:Infinity":11,"s:46:4:46:Infinity":12,"s:47:4:47:Infinity":13,"s:48:4:48:Infinity":14,"s:50:4:50:Infinity":15,"f:56:16:56:38":1,"s:57:22:57:Infinity":16,"s:58:19:58:Infinity":17,"s:59:4:59:Infinity":18,"f:65:15:65:27":2,"s:66:4:104:Infinity":19,"f:66:23:66:24":3,"s:67:20:67:Infinity":20,"s:68:8:68:Infinity":21,"s:69:8:102:Infinity":22,"f:69:21:69:27":4,"s:70:12:70:Infinity":23,"s:71:24:71:Infinity":24,"s:72:25:72:Infinity":25,"b:74:12:84:Infinity:79:19:84:Infinity":9,"s:74:12:84:Infinity":26,"b:75:16:78:Infinity:undefined:undefined:undefined:undefined":10,"s:75:16:78:Infinity":27,"s:76:20:76:Infinity":28,"s:77:20:77:Infinity":29,"b:80:16:83:Infinity:undefined:undefined:undefined:undefined":11,"s:80:16:83:Infinity":30,"s:81:20:81:Infinity":31,"s:82:20:82:Infinity":32,"s:86:27:86:Infinity":33,"s:87:12:87:Infinity":34,"s:88:12:88:Infinity":35,"s:89:24:89:Infinity":36,"s:90:12:90:Infinity":37,"s:92:12:101:Infinity":38,"f:92:26:92:27":5,"b:93:16:100:Infinity:98:23:100:Infinity":12,"s:93:16:100:Infinity":39,"s:94:20:97:Infinity":40,"s:99:20:99:Infinity":41,"s:103:8:103:Infinity":42,"f:110:22:110:36":6,"s:115:55:119:Infinity":43,"s:121:4:125:Infinity":44}}}
,"C:\\Users\\lewis\\Documents\\Projects\\spothop-web\\src\\utils\\media-utils.ts": {"path":"C:\\Users\\lewis\\Documents\\Projects\\spothop-web\\src\\utils\\media-utils.ts","statementMap":{"0":{"start":{"line":8,"column":30},"end":{"line":25,"column":null}},"1":{"start":{"line":11,"column":4},"end":{"line":11,"column":null}},"2":{"start":{"line":11,"column":49},"end":{"line":11,"column":null}},"3":{"start":{"line":13,"column":4},"end":{"line":24,"column":null}},"4":{"start":{"line":14,"column":21},"end":{"line":14,"column":null}},"5":{"start":{"line":15,"column":8},"end":{"line":20,"column":null}},"6":{"start":{"line":22,"column":8},"end":{"line":22,"column":null}},"7":{"start":{"line":23,"column":8},"end":{"line":23,"column":null}},"8":{"start":{"line":30,"column":32},"end":{"line":34,"column":null}},"9":{"start":{"line":31,"column":4},"end":{"line":31,"column":null}},"10":{"start":{"line":31,"column":48},"end":{"line":31,"column":null}},"11":{"start":{"line":32,"column":24},"end":{"line":32,"column":null}},"12":{"start":{"line":33,"column":4},"end":{"line":33,"column":null}},"13":{"start":{"line":39,"column":31},"end":{"line":55,"column":null}},"14":{"start":{"line":40,"column":25},"end":{"line":40,"column":null}},"15":{"start":{"line":42,"column":4},"end":{"line":54,"column":null}}},"fnMap":{"0":{"name":"(anonymous_0)","decl":{"start":{"line":8,"column":30},"end":{"line":8,"column":null}},"loc":{"start":{"line":10,"column":5},"end":{"line":25,"column":null}},"line":10},"1":{"name":"(anonymous_1)","decl":{"start":{"line":30,"column":32},"end":{"line":30,"column":33}},"loc":{"start":{"line":30,"column":86},"end":{"line":34,"column":null}},"line":30},"2":{"name":"(anonymous_2)","decl":{"start":{"line":39,"column":31},"end":{"line":39,"column":38}},"loc":{"start":{"line":39,"column":98},"end":{"line":55,"column":null}},"line":39}},"branchMap":{"0":{"loc":{"start":{"line":11,"column":4},"end":{"line":11,"column":null}},"type":"if","locations":[{"start":{"line":11,"column":4},"end":{"line":11,"column":null}},{"start":{},"end":{}}],"line":11},"1":{"loc":{"start":{"line":11,"column":8},"end":{"line":11,"column":49}},"type":"binary-expr","locations":[{"start":{"line":11,"column":8},"end":{"line":11,"column":21}},{"start":{"line":11,"column":21},"end":{"line":11,"column":35}},{"start":{"line":11,"column":35},"end":{"line":11,"column":49}}],"line":11},"2":{"loc":{"start":{"line":17,"column":18},"end":{"line":17,"column":null}},"type":"binary-expr","locations":[{"start":{"line":17,"column":18},"end":{"line":17,"column":31}},{"start":{"line":17,"column":31},"end":{"line":17,"column":null}}],"line":17},"3":{"loc":{"start":{"line":18,"column":19},"end":{"line":18,"column":null}},"type":"binary-expr","locations":[{"start":{"line":18,"column":19},"end":{"line":18,"column":33}},{"start":{"line":18,"column":33},"end":{"line":18,"column":null}}],"line":18},"4":{"loc":{"start":{"line":19,"column":21},"end":{"line":19,"column":null}},"type":"binary-expr","locations":[{"start":{"line":19,"column":21},"end":{"line":19,"column":37}},{"start":{"line":19,"column":37},"end":{"line":19,"column":null}}],"line":19},"5":{"loc":{"start":{"line":31,"column":4},"end":{"line":31,"column":null}},"type":"if","locations":[{"start":{"line":31,"column":4},"end":{"line":31,"column":null}},{"start":{},"end":{}}],"line":31},"6":{"loc":{"start":{"line":31,"column":8},"end":{"line":31,"column":48}},"type":"binary-expr","locations":[{"start":{"line":31,"column":8},"end":{"line":31,"column":23}},{"start":{"line":31,"column":23},"end":{"line":31,"column":48}}],"line":31},"7":{"loc":{"start":{"line":40,"column":25},"end":{"line":40,"column":null}},"type":"cond-expr","locations":[{"start":{"line":40,"column":35},"end":{"line":40,"column":67}},{"start":{"line":40,"column":67},"end":{"line":40,"column":null}}],"line":40},"8":{"loc":{"start":{"line":45,"column":22},"end":{"line":45,"column":null}},"type":"cond-expr","locations":[{"start":{"line":45,"column":41},"end":{"line":45,"column":59}},{"start":{"line":45,"column":59},"end":{"line":45,"column":null}}],"line":45},"9":{"loc":{"start":{"line":49,"column":16},"end":{"line":49,"column":null}},"type":"binary-expr","locations":[{"start":{"line":49,"column":16},"end":{"line":49,"column":36}},{"start":{"line":49,"column":36},"end":{"line":49,"column":51}},{"start":{"line":49,"column":51},"end":{"line":49,"column":null}}],"line":49},"10":{"loc":{"start":{"line":50,"column":18},"end":{"line":50,"column":null}},"type":"binary-expr","locations":[{"start":{"line":50,"column":18},"end":{"line":50,"column":40}},{"start":{"line":50,"column":40},"end":{"line":50,"column":57}},{"start":{"line":50,"column":57},"end":{"line":50,"column":null}}],"line":50},"11":{"loc":{"start":{"line":51,"column":18},"end":{"line":51,"column":null}},"type":"binary-expr","locations":[{"start":{"line":51,"column":18},"end":{"line":51,"column":40}},{"start":{"line":51,"column":40},"end":{"line":51,"column":57}},{"start":{"line":51,"column":57},"end":{"line":51,"column":null}}],"line":51},"12":{"loc":{"start":{"line":52,"column":21},"end":{"line":52,"column":null}},"type":"binary-expr","locations":[{"start":{"line":52,"column":21},"end":{"line":52,"column":46}},{"start":{"line":52,"column":46},"end":{"line":52,"column":66}},{"start":{"line":52,"column":66},"end":{"line":52,"column":null}}],"line":52}},"s":{"0":2,"1":0,"2":0,"3":0,"4":0,"5":0,"6":0,"7":0,"8":2,"9":0,"10":0,"11":0,"12":0,"13":2,"14":0,"15":0},"f":{"0":0,"1":0,"2":0},"b":{"0":[0,0],"1":[0,0,0],"2":[0,0],"3":[0,0],"4":[0,0],"5":[0,0],"6":[0,0],"7":[0,0],"8":[0,0],"9":[0,0,0],"10":[0,0,0],"11":[0,0,0],"12":[0,0,0]},"meta":{"lastBranch":13,"lastFunction":3,"lastStatement":16,"seen":{"s:8:30:25:Infinity":0,"f:8:30:8:Infinity":0,"b:11:4:11:Infinity:undefined:undefined:undefined:undefined":0,"s:11:4:11:Infinity":1,"b:11:8:11:21:11:21:11:35:11:35:11:49":1,"s:11:49:11:Infinity":2,"s:13:4:24:Infinity":3,"s:14:21:14:Infinity":4,"s:15:8:20:Infinity":5,"b:17:18:17:31:17:31:17:Infinity":2,"b:18:19:18:33:18:33:18:Infinity":3,"b:19:21:19:37:19:37:19:Infinity":4,"s:22:8:22:Infinity":6,"s:23:8:23:Infinity":7,"s:30:32:34:Infinity":8,"f:30:32:30:33":1,"b:31:4:31:Infinity:undefined:undefined:undefined:undefined":5,"s:31:4:31:Infinity":9,"b:31:8:31:23:31:23:31:48":6,"s:31:48:31:Infinity":10,"s:32:24:32:Infinity":11,"s:33:4:33:Infinity":12,"s:39:31:55:Infinity":13,"f:39:31:39:38":2,"s:40:25:40:Infinity":14,"b:40:35:40:67:40:67:40:Infinity":7,"s:42:4:54:Infinity":15,"b:45:41:45:59:45:59:45:Infinity":8,"b:49:16:49:36:49:36:49:51:49:51:49:Infinity":9,"b:50:18:50:40:50:40:50:57:50:57:50:Infinity":10,"b:51:18:51:40:51:40:51:57:51:57:51:Infinity":11,"b:52:21:52:46:52:46:52:66:52:66:52:Infinity":12}}}
}
